Using pre-set license
Built from '2022.2/staging' branch; Version is '2022.2.8f1 (996aee41dc57) revision 10054382'; Using compiler version '192829333'; Build Type 'Release'
OS: 'Windows 11  (10.0.22621) 64bit Core' Language: 'en' Physical Memory: 16280 MB
BatchMode: 1, IsHumanControllingUs: 0, StartBugReporterOnCrash: 0, Is64bit: 1, IsPro: 1

COMMAND LINE ARGUMENTS:
D:\Unity\2022.2.8f1\Editor\Unity.exe
-adb2
-batchMode
-noUpm
-name
AssetImportWorker0
-projectPath
E:/Work ()/FMP WORK/Isometric Level
-logFile
Logs/AssetImportWorker0.log
-srvPort
63300
Successfully changed project path to: E:/Work ()/FMP WORK/Isometric Level
E:/Work ()/FMP WORK/Isometric Level
[UnityMemory] Configuration Parameters - Can be set up in boot.config
    "memorysetup-bucket-allocator-granularity=16"
    "memorysetup-bucket-allocator-bucket-count=8"
    "memorysetup-bucket-allocator-block-size=33554432"
    "memorysetup-bucket-allocator-block-count=8"
    "memorysetup-main-allocator-block-size=16777216"
    "memorysetup-thread-allocator-block-size=16777216"
    "memorysetup-gfx-main-allocator-block-size=16777216"
    "memorysetup-gfx-thread-allocator-block-size=16777216"
    "memorysetup-cache-allocator-block-size=4194304"
    "memorysetup-typetree-allocator-block-size=2097152"
    "memorysetup-profiler-bucket-allocator-granularity=16"
    "memorysetup-profiler-bucket-allocator-bucket-count=8"
    "memorysetup-profiler-bucket-allocator-block-size=33554432"
    "memorysetup-profiler-bucket-allocator-block-count=8"
    "memorysetup-profiler-allocator-block-size=16777216"
    "memorysetup-profiler-editor-allocator-block-size=1048576"
    "memorysetup-temp-allocator-size-main=16777216"
    "memorysetup-job-temp-allocator-block-size=2097152"
    "memorysetup-job-temp-allocator-block-size-background=1048576"
    "memorysetup-job-temp-allocator-reduction-small-platforms=262144"
    "memorysetup-temp-allocator-size-background-worker=32768"
    "memorysetup-temp-allocator-size-job-worker=262144"
    "memorysetup-temp-allocator-size-preload-manager=33554432"
    "memorysetup-temp-allocator-size-nav-mesh-worker=65536"
    "memorysetup-temp-allocator-size-audio-worker=65536"
    "memorysetup-temp-allocator-size-cloud-worker=32768"
    "memorysetup-temp-allocator-size-gi-baking-worker=262144"
    "memorysetup-temp-allocator-size-gfx=262144"
Player connection [15636] Host "[IP] 192.168.1.151 [Port] 0 [Flags] 2 [Guid] 3982426525 [EditorId] 3982426525 [Version] 1048832 [Id] WindowsEditor(7,DESKTOP-3O1H008) [Debug] 1 [PackageName] WindowsEditor [ProjectName] Editor" joined multi-casting on [225.0.0.222:54997]...

Player connection [15636] Host "[IP] 192.168.1.151 [Port] 0 [Flags] 2 [Guid] 3982426525 [EditorId] 3982426525 [Version] 1048832 [Id] WindowsEditor(7,DESKTOP-3O1H008) [Debug] 1 [PackageName] WindowsEditor [ProjectName] Editor" joined alternative multi-casting on [225.0.0.222:34997]...

Refreshing native plugins compatible for Editor in 19.57 ms, found 7 plugins.
Preloading 0 native plugins for Editor in 0.00 ms.
Initialize engine version: 2022.2.8f1 (996aee41dc57)
[Subsystems] Discovering subsystems at path D:/Unity/2022.2.8f1/Editor/Data/Resources/UnitySubsystems
[Subsystems] Discovering subsystems at path E:/Work ()/FMP WORK/Isometric Level/Assets
GfxDevice: creating device client; threaded=0; jobified=0
Direct3D:
    Version:  Direct3D 11.0 [level 11.1]
    Renderer: NVIDIA GeForce RTX 3050 (ID=0x2507)
    Vendor:   NVIDIA
    VRAM:     8056 MB
    Driver:   31.0.15.3141
Initialize mono
Mono path[0] = 'D:/Unity/2022.2.8f1/Editor/Data/Managed'
Mono path[1] = 'D:/Unity/2022.2.8f1/Editor/Data/MonoBleedingEdge/lib/mono/unityjit-win32'
Mono config path = 'D:/Unity/2022.2.8f1/Editor/Data/MonoBleedingEdge/etc'
Using monoOptions --debugger-agent=transport=dt_socket,embedding=1,server=y,suspend=n,address=127.0.0.1:56516
Begin MonoManager ReloadAssembly
Registering precompiled unity dll's ...
Register platform support module: D:/Unity/2022.2.8f1/Editor/Data/PlaybackEngines/AndroidPlayer/UnityEditor.Android.Extensions.dll
Register platform support module: D:/Unity/2022.2.8f1/Editor/Data/PlaybackEngines/WindowsStandaloneSupport/UnityEditor.WindowsStandalone.Extensions.dll
Registered in 0.004346 seconds.
- Loaded All Assemblies, in  0.538 seconds
Native extension for WindowsStandalone target not found
Native extension for Android target not found
Mono: successfully reloaded assembly
- Finished resetting the current domain, in  0.370 seconds
Domain Reload Profiling:
	ReloadAssembly (282ms)
		BeginReloadAssembly (142ms)
			ExecutionOrderSort (0ms)
			DisableScriptedObjects (0ms)
			BackupInstance (0ms)
			ReleaseScriptingObjects (0ms)
			CreateAndSetChildDomain (1ms)
		LoadAllAssembliesAndSetupDomain (0ms)
			LoadAssemblies (142ms)
			RebuildTransferFunctionScriptingTraits (0ms)
			SetupTypeCache (251ms)
				TypeCache.Initialize (250ms)
					TypeCache.ScanAssembly (248ms)
				ResolveRequiredComponents (1ms)
		FinalizeReload (0ms)
			ReleaseScriptCaches (0ms)
			RebuildScriptCaches (0ms)
			SetupLoadedEditorAssemblies (295ms)
				LogAssemblyErrors (0ms)
				InitializePlatformSupportModulesInManaged (86ms)
				SetLoadedEditorAssemblies (5ms)
				RefreshPlugins (0ms)
				BeforeProcessingInitializeOnLoad (1ms)
				ProcessInitializeOnLoadAttributes (144ms)
				ProcessInitializeOnLoadMethodAttributes (59ms)
				AfterProcessingInitializeOnLoad (0ms)
				EditorAssembliesLoaded (0ms)
			ExecutionOrderSort2 (0ms)
			AwakeInstancesAfterBackupRestoration (0ms)
========================================================================
Worker process is ready to serve import requests
Begin MonoManager ReloadAssembly
Symbol file LoadedFromMemory doesn't match image E:\Work ()\FMP WORK\Isometric Level\Library\PackageCache\com.unity.visualscripting@1.8.0\Editor\VisualScripting.Core\Dependencies\YamlDotNet\Unity.VisualScripting.YamlDotNet.dll
Symbol file LoadedFromMemory doesn't match image E:\Work ()\FMP WORK\Isometric Level\Library\PackageCache\com.unity.visualscripting@1.8.0\Editor\VisualScripting.Core\Dependencies\DotNetZip\Unity.VisualScripting.IonicZip.dll
- Loaded All Assemblies, in  1.380 seconds
Refreshing native plugins compatible for Editor in 5.46 ms, found 7 plugins.
Native extension for WindowsStandalone target not found
Native extension for Android target not found
Mono: successfully reloaded assembly
- Finished resetting the current domain, in  0.683 seconds
Domain Reload Profiling:
	ReloadAssembly (265ms)
		BeginReloadAssembly (158ms)
			ExecutionOrderSort (0ms)
			DisableScriptedObjects (6ms)
			BackupInstance (0ms)
			ReleaseScriptingObjects (0ms)
			CreateAndSetChildDomain (24ms)
		LoadAllAssembliesAndSetupDomain (1115ms)
			LoadAssemblies (370ms)
			RebuildTransferFunctionScriptingTraits (0ms)
			SetupTypeCache (828ms)
				TypeCache.Initialize (458ms)
					TypeCache.ScanAssembly (452ms)
				ResolveRequiredComponents (6ms)
		FinalizeReload (0ms)
			ReleaseScriptCaches (0ms)
			RebuildScriptCaches (0ms)
			SetupLoadedEditorAssemblies (458ms)
				LogAssemblyErrors (0ms)
				InitializePlatformSupportModulesInManaged (20ms)
				SetLoadedEditorAssemblies (6ms)
				RefreshPlugins (0ms)
				BeforeProcessingInitializeOnLoad (79ms)
				ProcessInitializeOnLoadAttributes (301ms)
				ProcessInitializeOnLoadMethodAttributes (50ms)
				AfterProcessingInitializeOnLoad (2ms)
				EditorAssembliesLoaded (0ms)
			ExecutionOrderSort2 (0ms)
			AwakeInstancesAfterBackupRestoration (7ms)
Launched and connected shader compiler UnityShaderCompiler.exe after 0.07 seconds
Refreshing native plugins compatible for Editor in 8.74 ms, found 7 plugins.
Preloading 0 native plugins for Editor in 0.00 ms.
Unloading 4293 Unused Serialized files (Serialized files now loaded: 0)
Unloading 54 unused Assets / (1.3 MB). Loaded Objects now: 4740.
Memory consumption went from 0.65 GB to 0.65 GB.
Total: 4.072500 ms (FindLiveObjects: 0.419300 ms CreateObjectMapping: 0.609400 ms MarkObjects: 2.742100 ms  DeleteObjects: 0.300600 ms)

AssetImportParameters requested are different than current active one (requested -> active):
  custom:container-demuxer-ogg: 62fdf1f143b41e24485cea50d1cbac27 -> 
  custom:video-decoder-ogg-theora: a1e56fd34408186e4bbccfd4996cb3dc -> 
  custom:framework-win-MediaFoundation: 216162199b28c13a410421893ffa2e32 -> 
  custom:container-demuxer-webm: 4f35f7cbe854078d1ac9338744f61a02 -> 
  custom:container-muxer-webm: aa71ff27fc2769a1b78a27578f13a17b -> 
  custom:video-decoder-webm-vp8: 9c59270c3fd7afecdb556c50c9e8de78 -> 
  custom:AudioImporter_EditorPlatform: d09bf68614088b80899f8185d706f6e7 -> 
  custom:video-encoder-webm-vp8: eb34c28f22e8b96e1ab97ce403110664 -> 
  custom:audio-decoder-ogg-vorbis: bf7c407c2cedff20999df2af8eb42d56 -> 
  custom:audio-encoder-webm-vorbis: bf7c407c2cedff20999df2af8eb42d56 -> 
========================================================================
Received Import Request.
  Time since last request: 27483.287319 seconds.
  path: Assets/Iso Tileset
  artifactKey: Guid(4128c135db05d7949a206beb0e4594f3) Importer(815301076,1909f56bfc062723c751e8b465ee728b)
Start importing Assets/Iso Tileset using Guid(4128c135db05d7949a206beb0e4594f3) Importer(815301076,1909f56bfc062723c751e8b465ee728b)  -> (artifact id: '0c4cccaa31bc27041335d14647e8788d') in 0.002185 seconds 
Number of updated asset objects reloaded before import = 0
Number of asset objects unloaded after import = 0
========================================================================
Received Import Request.
  Time since last request: 0.107512 seconds.
  path: Assets/Iso Tileset/iso sprq.png
  artifactKey: Guid(59699ef51872f8d40949a0ea1c1f38b2) Importer(815301076,1909f56bfc062723c751e8b465ee728b)
Start importing Assets/Iso Tileset/iso sprq.png using Guid(59699ef51872f8d40949a0ea1c1f38b2) Importer(815301076,1909f56bfc062723c751e8b465ee728b)  -> (artifact id: '40693ce6f1dda0a0c36e84c16a375f4a') in 0.147424 seconds 
Number of updated asset objects reloaded before import = 0
Number of asset objects unloaded after import = 3
========================================================================
Received Import Request.
  Time since last request: 0.000026 seconds.
  path: Assets/Iso Tileset/Isometric_MedievalFantasy_Tiles (1).png
  artifactKey: Guid(dec84f0ce54f820448d3944faab57483) Importer(815301076,1909f56bfc062723c751e8b465ee728b)
Start importing Assets/Iso Tileset/Isometric_MedievalFantasy_Tiles (1).png using Guid(dec84f0ce54f820448d3944faab57483) Importer(815301076,1909f56bfc062723c751e8b465ee728b)  -> (artifact id: '9b38853850966bcb1180636fcf4dc8fb') in 0.413160 seconds 
Number of updated asset objects reloaded before import = 0
Number of asset objects unloaded after import = 112
========================================================================
Received Import Request.
  Time since last request: 7.316576 seconds.
  path: Assets/Iso Tileset/vetical slice
  artifactKey: Guid(dacae26f77449a745944288882b385d3) Importer(815301076,1909f56bfc062723c751e8b465ee728b)
Start importing Assets/Iso Tileset/vetical slice using Guid(dacae26f77449a745944288882b385d3) Importer(815301076,1909f56bfc062723c751e8b465ee728b)  -> (artifact id: 'a5366a800be783c38a6710bb43768e4d') in 0.002119 seconds 
Number of updated asset objects reloaded before import = 0
Number of asset objects unloaded after import = 0
========================================================================
Received Import Request.
  Time since last request: 1.201736 seconds.
  path: Assets/Iso Tileset/vetical slice/256x192 Tiles.png
  artifactKey: Guid(5c448b97bef01e345bfaaee09f874c70) Importer(815301076,1909f56bfc062723c751e8b465ee728b)
Start importing Assets/Iso Tileset/vetical slice/256x192 Tiles.png using Guid(5c448b97bef01e345bfaaee09f874c70) Importer(815301076,1909f56bfc062723c751e8b465ee728b)  -> (artifact id: '405105938df5e09d07ee6825f0f64121') in 0.456839 seconds 
Number of updated asset objects reloaded before import = 0
Number of asset objects unloaded after import = 92
========================================================================
Received Import Request.
  Time since last request: 0.000023 seconds.
  path: Assets/Iso Tileset/vetical slice/256x192 Tiles_18.asset
  artifactKey: Guid(4c62cb5a13225e749b9629f30df98a3c) Importer(815301076,1909f56bfc062723c751e8b465ee728b)
Start importing Assets/Iso Tileset/vetical slice/256x192 Tiles_18.asset using Guid(4c62cb5a13225e749b9629f30df98a3c) Importer(815301076,1909f56bfc062723c751e8b465ee728b)  -> (artifact id: 'fbab9365ce54dbd1727ceb1779290d7b') in 0.079310 seconds 
Number of updated asset objects reloaded before import = 0
Number of asset objects unloaded after import = 3
========================================================================
Received Import Request.
  Time since last request: 0.000021 seconds.
  path: Assets/Iso Tileset/vetical slice/256x192 Tiles_13.asset
  artifactKey: Guid(e393a573fa7534f4184d5d5ce239c2a5) Importer(815301076,1909f56bfc062723c751e8b465ee728b)
Start importing Assets/Iso Tileset/vetical slice/256x192 Tiles_13.asset using Guid(e393a573fa7534f4184d5d5ce239c2a5) Importer(815301076,1909f56bfc062723c751e8b465ee728b)  -> (artifact id: 'dba38fedba61d808e4ce2b312fe64452') in 0.022866 seconds 
Number of updated asset objects reloaded before import = 0
Number of asset objects unloaded after import = 3
========================================================================
Received Import Request.
  Time since last request: 0.000015 seconds.
  path: Assets/Iso Tileset/vetical slice/256x192 Tiles_24.asset
  artifactKey: Guid(b33ad4773c7f56440bb35e0bf53a1e97) Importer(815301076,1909f56bfc062723c751e8b465ee728b)
Start importing Assets/Iso Tileset/vetical slice/256x192 Tiles_24.asset using Guid(b33ad4773c7f56440bb35e0bf53a1e97) Importer(815301076,1909f56bfc062723c751e8b465ee728b)  -> (artifact id: 'fd98cf02b94be71b0e0324efc07643b5') in 0.021525 seconds 
Number of updated asset objects reloaded before import = 0
Number of asset objects unloaded after import = 3
========================================================================
Received Import Request.
  Time since last request: 0.000014 seconds.
  path: Assets/Iso Tileset/vetical slice/256x192 Tiles_28.asset
  artifactKey: Guid(a0445a94c3ce9db4eb5a0dbf53446418) Importer(815301076,1909f56bfc062723c751e8b465ee728b)
Start importing Assets/Iso Tileset/vetical slice/256x192 Tiles_28.asset using Guid(a0445a94c3ce9db4eb5a0dbf53446418) Importer(815301076,1909f56bfc062723c751e8b465ee728b)  -> (artifact id: '8159137808d22dfd8336c9b37d948e1a') in 0.036822 seconds 
Number of updated asset objects reloaded before import = 0
Number of asset objects unloaded after import = 3
========================================================================
Received Import Request.
  Time since last request: 0.000046 seconds.
  path: Assets/Iso Tileset/vetical slice/256x192 Tiles_29.asset
  artifactKey: Guid(20248187a35ce86459c4eddd920e84c3) Importer(815301076,1909f56bfc062723c751e8b465ee728b)
Start importing Assets/Iso Tileset/vetical slice/256x192 Tiles_29.asset using Guid(20248187a35ce86459c4eddd920e84c3) Importer(815301076,1909f56bfc062723c751e8b465ee728b)  -> (artifact id: 'f390d3ac018c2135ec57d733cf66c474') in 0.064308 seconds 
Number of updated asset objects reloaded before import = 0
Number of asset objects unloaded after import = 3
========================================================================
Received Import Request.
  Time since last request: 0.000017 seconds.
  path: Assets/Iso Tileset/vetical slice/256x192 Tiles_33.asset
  artifactKey: Guid(d0ce045e8e8e2664e9097d9d8a7f8a13) Importer(815301076,1909f56bfc062723c751e8b465ee728b)
Start importing Assets/Iso Tileset/vetical slice/256x192 Tiles_33.asset using Guid(d0ce045e8e8e2664e9097d9d8a7f8a13) Importer(815301076,1909f56bfc062723c751e8b465ee728b)  -> (artifact id: '55f971aabadb7628ccf676147eb4c445') in 0.108724 seconds 
Number of updated asset objects reloaded before import = 0
Number of asset objects unloaded after import = 3
========================================================================
Received Import Request.
  Time since last request: 0.000015 seconds.
  path: Assets/Iso Tileset/vetical slice/256x192 Tiles_35.asset
  artifactKey: Guid(947c98a80a922ac44bc6e567b97b8347) Importer(815301076,1909f56bfc062723c751e8b465ee728b)
Start importing Assets/Iso Tileset/vetical slice/256x192 Tiles_35.asset using Guid(947c98a80a922ac44bc6e567b97b8347) Importer(815301076,1909f56bfc062723c751e8b465ee728b)  -> (artifact id: 'bd1c13aece85512e826534a385fefefa') in 0.029947 seconds 
Number of updated asset objects reloaded before import = 0
Number of asset objects unloaded after import = 3
========================================================================
Received Import Request.
  Time since last request: 0.000065 seconds.
  path: Assets/Iso Tileset/vetical slice/256x192 Tiles_41.asset
  artifactKey: Guid(7a3ac798d3b2ad0439015a5451f2f724) Importer(815301076,1909f56bfc062723c751e8b465ee728b)
Start importing Assets/Iso Tileset/vetical slice/256x192 Tiles_41.asset using Guid(7a3ac798d3b2ad0439015a5451f2f724) Importer(815301076,1909f56bfc062723c751e8b465ee728b)  -> (artifact id: '4028c846cf4a56c036e2750d1e163f48') in 0.023422 seconds 
Number of updated asset objects reloaded before import = 0
Number of asset objects unloaded after import = 3
========================================================================
Received Import Request.
  Time since last request: 0.000016 seconds.
  path: Assets/Iso Tileset/vetical slice/256x192 Tiles_36.asset
  artifactKey: Guid(b146cad25f028034283c4ce2b055f2f6) Importer(815301076,1909f56bfc062723c751e8b465ee728b)
Start importing Assets/Iso Tileset/vetical slice/256x192 Tiles_36.asset using Guid(b146cad25f028034283c4ce2b055f2f6) Importer(815301076,1909f56bfc062723c751e8b465ee728b)  -> (artifact id: '80bff0950e91a3f1ad0d8e6b5c1ef0bb') in 0.028228 seconds 
Number of updated asset objects reloaded before import = 0
Number of asset objects unloaded after import = 3
========================================================================
Received Import Request.
  Time since last request: 0.000029 seconds.
  path: Assets/Iso Tileset/vetical slice/256x192 Tiles_23.asset
  artifactKey: Guid(e9c1b15df283ea94ca9afeae685197cc) Importer(815301076,1909f56bfc062723c751e8b465ee728b)
Start importing Assets/Iso Tileset/vetical slice/256x192 Tiles_23.asset using Guid(e9c1b15df283ea94ca9afeae685197cc) Importer(815301076,1909f56bfc062723c751e8b465ee728b)  -> (artifact id: 'a1126658fc3723c30d55758e15ac180c') in 0.026012 seconds 
Number of updated asset objects reloaded before import = 0
Number of asset objects unloaded after import = 3
========================================================================
Received Import Request.
  Time since last request: 0.000013 seconds.
  path: Assets/Iso Tileset/vetical slice/256x192 Tiles_44.asset
  artifactKey: Guid(c1f8edec903c72b4f86ae16d5e86de2b) Importer(815301076,1909f56bfc062723c751e8b465ee728b)
Start importing Assets/Iso Tileset/vetical slice/256x192 Tiles_44.asset using Guid(c1f8edec903c72b4f86ae16d5e86de2b) Importer(815301076,1909f56bfc062723c751e8b465ee728b)  -> (artifact id: 'e392b4dbd24486f11e0c44ca7ac88b58') in 0.031817 seconds 
Number of updated asset objects reloaded before import = 0
Number of asset objects unloaded after import = 3
========================================================================
Received Import Request.
  Time since last request: 0.000021 seconds.
  path: Assets/Iso Tileset/vetical slice/256x192 Tiles_27.asset
  artifactKey: Guid(b7571bd0d5cfcdf49a13e8c4fb3f67d5) Importer(815301076,1909f56bfc062723c751e8b465ee728b)
Start importing Assets/Iso Tileset/vetical slice/256x192 Tiles_27.asset using Guid(b7571bd0d5cfcdf49a13e8c4fb3f67d5) Importer(815301076,1909f56bfc062723c751e8b465ee728b)  -> (artifact id: '20e0089f48b54581cc811f1101f2194b') in 0.023133 seconds 
Number of updated asset objects reloaded before import = 0
Number of asset objects unloaded after import = 3
========================================================================
Received Import Request.
  Time since last request: 0.000019 seconds.
  path: Assets/Iso Tileset/vetical slice/256x192 Tiles_8.asset
  artifactKey: Guid(a12dc2843c98d41448ffaddbdc4d96a3) Importer(815301076,1909f56bfc062723c751e8b465ee728b)
Start importing Assets/Iso Tileset/vetical slice/256x192 Tiles_8.asset using Guid(a12dc2843c98d41448ffaddbdc4d96a3) Importer(815301076,1909f56bfc062723c751e8b465ee728b)  -> (artifact id: '758db5b701c1e2eae0aaf0449423941d') in 0.021626 seconds 
Number of updated asset objects reloaded before import = 0
Number of asset objects unloaded after import = 3
========================================================================
Received Import Request.
  Time since last request: 0.000013 seconds.
  path: Assets/Iso Tileset/vetical slice/256x192 Tiles_46.asset
  artifactKey: Guid(867b2e2857cf84d488ecfd0f06c32710) Importer(815301076,1909f56bfc062723c751e8b465ee728b)
Start importing Assets/Iso Tileset/vetical slice/256x192 Tiles_46.asset using Guid(867b2e2857cf84d488ecfd0f06c32710) Importer(815301076,1909f56bfc062723c751e8b465ee728b)  -> (artifact id: '4d91d5d80e4795219bfc1fa727e78a57') in 0.050652 seconds 
Number of updated asset objects reloaded before import = 0
Number of asset objects unloaded after import = 3
========================================================================
Received Import Request.
  Time since last request: 0.000028 seconds.
  path: Assets/Iso Tileset/vetical slice/256x192 Tiles_10.asset
  artifactKey: Guid(557ba5fd491d87f4bbd868ed36725220) Importer(815301076,1909f56bfc062723c751e8b465ee728b)
Start importing Assets/Iso Tileset/vetical slice/256x192 Tiles_10.asset using Guid(557ba5fd491d87f4bbd868ed36725220) Importer(815301076,1909f56bfc062723c751e8b465ee728b)  -> (artifact id: '71e01948abc6b624a5d3f3ee49f8c7e7') in 0.039512 seconds 
Number of updated asset objects reloaded before import = 0
Number of asset objects unloaded after import = 3
========================================================================
Received Import Request.
  Time since last request: 0.000023 seconds.
  path: Assets/Iso Tileset/vetical slice/256x192 Tiles_16.asset
  artifactKey: Guid(137b35a651acbb148a224aef929eba7c) Importer(815301076,1909f56bfc062723c751e8b465ee728b)
Start importing Assets/Iso Tileset/vetical slice/256x192 Tiles_16.asset using Guid(137b35a651acbb148a224aef929eba7c) Importer(815301076,1909f56bfc062723c751e8b465ee728b)  -> (artifact id: '2307186e7d5c273699ccf05b35cb2672') in 0.033718 seconds 
Number of updated asset objects reloaded before import = 0
Number of asset objects unloaded after import = 3
========================================================================
Received Import Request.
  Time since last request: 0.000016 seconds.
  path: Assets/Iso Tileset/vetical slice/256x192 Tiles_32.asset
  artifactKey: Guid(6d9621778befd4b4c95cfc3d603c8420) Importer(815301076,1909f56bfc062723c751e8b465ee728b)
Start importing Assets/Iso Tileset/vetical slice/256x192 Tiles_32.asset using Guid(6d9621778befd4b4c95cfc3d603c8420) Importer(815301076,1909f56bfc062723c751e8b465ee728b)  -> (artifact id: 'c8faf0ef54f6bfab920b044fe12439ca') in 0.052978 seconds 
Number of updated asset objects reloaded before import = 0
Number of asset objects unloaded after import = 3
========================================================================
Received Import Request.
  Time since last request: 0.000023 seconds.
  path: Assets/Iso Tileset/vetical slice/256x192 Tiles_17.asset
  artifactKey: Guid(72537f0a0e426f74f98ecc33f44a1aee) Importer(815301076,1909f56bfc062723c751e8b465ee728b)
Start importing Assets/Iso Tileset/vetical slice/256x192 Tiles_17.asset using Guid(72537f0a0e426f74f98ecc33f44a1aee) Importer(815301076,1909f56bfc062723c751e8b465ee728b)  -> (artifact id: 'a185896cca4001566ed832203f18c97f') in 0.055834 seconds 
Number of updated asset objects reloaded before import = 0
Number of asset objects unloaded after import = 3
========================================================================
Received Import Request.
  Time since last request: 0.000021 seconds.
  path: Assets/Iso Tileset/vetical slice/256x192 Tiles_9.asset
  artifactKey: Guid(5099e45d07ec9ed44a22e36307b25b22) Importer(815301076,1909f56bfc062723c751e8b465ee728b)
Start importing Assets/Iso Tileset/vetical slice/256x192 Tiles_9.asset using Guid(5099e45d07ec9ed44a22e36307b25b22) Importer(815301076,1909f56bfc062723c751e8b465ee728b)  -> (artifact id: '3fc23c33c00f34bb7f29bdced63489d8') in 0.025330 seconds 
Number of updated asset objects reloaded before import = 0
Number of asset objects unloaded after import = 3
========================================================================
Received Import Request.
  Time since last request: 0.000023 seconds.
  path: Assets/Iso Tileset/vetical slice/256x192 Tiles_21.asset
  artifactKey: Guid(e88440c660046424a9abc7cbdd017931) Importer(815301076,1909f56bfc062723c751e8b465ee728b)
Start importing Assets/Iso Tileset/vetical slice/256x192 Tiles_21.asset using Guid(e88440c660046424a9abc7cbdd017931) Importer(815301076,1909f56bfc062723c751e8b465ee728b)  -> (artifact id: 'c6809a7e8036930c8ad882f1a76a3825') in 0.056481 seconds 
Number of updated asset objects reloaded before import = 0
Number of asset objects unloaded after import = 3
========================================================================
Received Import Request.
  Time since last request: 0.000015 seconds.
  path: Assets/Iso Tileset/vetical slice/256x192 Tiles_14.asset
  artifactKey: Guid(e4ef83a2bcd2a5341aa18b29eb5e6f2f) Importer(815301076,1909f56bfc062723c751e8b465ee728b)
Start importing Assets/Iso Tileset/vetical slice/256x192 Tiles_14.asset using Guid(e4ef83a2bcd2a5341aa18b29eb5e6f2f) Importer(815301076,1909f56bfc062723c751e8b465ee728b)  -> (artifact id: '0305d891ce00d7207524e538e90cd0ce') in 0.026420 seconds 
Number of updated asset objects reloaded before import = 0
Number of asset objects unloaded after import = 3
========================================================================
Received Import Request.
  Time since last request: 0.000027 seconds.
  path: Assets/Iso Tileset/vetical slice/256x192 Tiles_4.asset
  artifactKey: Guid(c5f274da1403c9f41be45fd65291170b) Importer(815301076,1909f56bfc062723c751e8b465ee728b)
Start importing Assets/Iso Tileset/vetical slice/256x192 Tiles_4.asset using Guid(c5f274da1403c9f41be45fd65291170b) Importer(815301076,1909f56bfc062723c751e8b465ee728b)  -> (artifact id: '4e5be41ea2687129ef94ac6aa8237b69') in 0.026714 seconds 
Number of updated asset objects reloaded before import = 0
Number of asset objects unloaded after import = 3
========================================================================
Received Import Request.
  Time since last request: 0.195638 seconds.
  path: Assets/Iso Tileset/vetical slice/256x192 Tiles_48.asset
  artifactKey: Guid(731516152c1fe80469e500ac511f7f8f) Importer(815301076,1909f56bfc062723c751e8b465ee728b)
Start importing Assets/Iso Tileset/vetical slice/256x192 Tiles_48.asset using Guid(731516152c1fe80469e500ac511f7f8f) Importer(815301076,1909f56bfc062723c751e8b465ee728b)  -> (artifact id: '35e6dc593b2797f06f174a731298cb37') in 0.088510 seconds 
Number of updated asset objects reloaded before import = 0
Number of asset objects unloaded after import = 3
========================================================================
Received Import Request.
  Time since last request: 0.000020 seconds.
  path: Assets/Iso Tileset/vetical slice/256x192 Tiles_50.asset
  artifactKey: Guid(bc3525c27baa2d94d94a182d551d1a66) Importer(815301076,1909f56bfc062723c751e8b465ee728b)
Start importing Assets/Iso Tileset/vetical slice/256x192 Tiles_50.asset using Guid(bc3525c27baa2d94d94a182d551d1a66) Importer(815301076,1909f56bfc062723c751e8b465ee728b)  -> (artifact id: '043732b6aacac0435632fe469e7c644e') in 0.130509 seconds 
Number of updated asset objects reloaded before import = 0
Number of asset objects unloaded after import = 3
========================================================================
Received Import Request.
  Time since last request: 0.000018 seconds.
  path: Assets/Iso Tileset/vetical slice/256x192 Tiles_53.asset
  artifactKey: Guid(f7cf3054cfaa4064e8779dca46bbfe91) Importer(815301076,1909f56bfc062723c751e8b465ee728b)
Start importing Assets/Iso Tileset/vetical slice/256x192 Tiles_53.asset using Guid(f7cf3054cfaa4064e8779dca46bbfe91) Importer(815301076,1909f56bfc062723c751e8b465ee728b)  -> (artifact id: '8de7e4c5bb925c4640db6773f23753bf') in 0.066947 seconds 
Number of updated asset objects reloaded before import = 0
Number of asset objects unloaded after import = 3
========================================================================
Received Import Request.
  Time since last request: 0.000020 seconds.
  path: Assets/Iso Tileset/vetical slice/256x192 Tiles_57.asset
  artifactKey: Guid(307bc07cc08d2624d8f4d8c972f586c3) Importer(815301076,1909f56bfc062723c751e8b465ee728b)
Start importing Assets/Iso Tileset/vetical slice/256x192 Tiles_57.asset using Guid(307bc07cc08d2624d8f4d8c972f586c3) Importer(815301076,1909f56bfc062723c751e8b465ee728b)  -> (artifact id: '6a0a48ba95adf2ac033ffcd056bc1de3') in 0.084020 seconds 
Number of updated asset objects reloaded before import = 0
Number of asset objects unloaded after import = 3
========================================================================
Received Import Request.
  Time since last request: 0.000031 seconds.
  path: Assets/Iso Tileset/vetical slice/256x192 Tiles_60.asset
  artifactKey: Guid(24b9d4034bd3f56408e138ac883f1838) Importer(815301076,1909f56bfc062723c751e8b465ee728b)
Start importing Assets/Iso Tileset/vetical slice/256x192 Tiles_60.asset using Guid(24b9d4034bd3f56408e138ac883f1838) Importer(815301076,1909f56bfc062723c751e8b465ee728b)  -> (artifact id: 'de87f6b3212316e0c18f538b61ca4298') in 0.153263 seconds 
Number of updated asset objects reloaded before import = 0
Number of asset objects unloaded after import = 3
========================================================================
Received Import Request.
  Time since last request: 0.000021 seconds.
  path: Assets/Iso Tileset/vetical slice/256x192 Tiles_59.asset
  artifactKey: Guid(f9eca6db6fccca8489639d62cd5992ab) Importer(815301076,1909f56bfc062723c751e8b465ee728b)
Start importing Assets/Iso Tileset/vetical slice/256x192 Tiles_59.asset using Guid(f9eca6db6fccca8489639d62cd5992ab) Importer(815301076,1909f56bfc062723c751e8b465ee728b)  -> (artifact id: '71148e6790ff931f91f6fbb4f2b1af36') in 0.110163 seconds 
Number of updated asset objects reloaded before import = 0
Number of asset objects unloaded after import = 3
========================================================================
Received Import Request.
  Time since last request: 0.000024 seconds.
  path: Assets/Iso Tileset/vetical slice/256x192 Tiles_58.asset
  artifactKey: Guid(57a87eb4339c0734cb35c47ae9dd2558) Importer(815301076,1909f56bfc062723c751e8b465ee728b)
Start importing Assets/Iso Tileset/vetical slice/256x192 Tiles_58.asset using Guid(57a87eb4339c0734cb35c47ae9dd2558) Importer(815301076,1909f56bfc062723c751e8b465ee728b)  -> (artifact id: 'ce4614528751f76f498dcda203f904c0') in 0.026536 seconds 
Number of updated asset objects reloaded before import = 0
Number of asset objects unloaded after import = 3
========================================================================
Received Import Request.
  Time since last request: 1.444803 seconds.
  path: Assets/Iso Tileset/Feedback levels
  artifactKey: Guid(3b639324391ba254f873343d6c59b8a8) Importer(815301076,1909f56bfc062723c751e8b465ee728b)
Start importing Assets/Iso Tileset/Feedback levels using Guid(3b639324391ba254f873343d6c59b8a8) Importer(815301076,1909f56bfc062723c751e8b465ee728b)  -> (artifact id: 'ec59b69211ba9ff25343d43f9cd8cec1') in 0.019511 seconds 
Number of updated asset objects reloaded before import = 0
Number of asset objects unloaded after import = 0
========================================================================
Received Prepare
Begin MonoManager ReloadAssembly
Symbol file LoadedFromMemory doesn't match image E:\Work ()\FMP WORK\Isometric Level\Library\PackageCache\com.unity.visualscripting@1.8.0\Editor\VisualScripting.Core\Dependencies\YamlDotNet\Unity.VisualScripting.YamlDotNet.dll
Symbol file LoadedFromMemory doesn't match image E:\Work ()\FMP WORK\Isometric Level\Library\PackageCache\com.unity.visualscripting@1.8.0\Editor\VisualScripting.Core\Dependencies\DotNetZip\Unity.VisualScripting.IonicZip.dll
- Loaded All Assemblies, in  0.831 seconds
Refreshing native plugins compatible for Editor in 5.65 ms, found 7 plugins.
Native extension for WindowsStandalone target not found
Native extension for Android target not found
Mono: successfully reloaded assembly
- Finished resetting the current domain, in  0.998 seconds
Domain Reload Profiling:
	ReloadAssembly (260ms)
		BeginReloadAssembly (166ms)
			ExecutionOrderSort (0ms)
			DisableScriptedObjects (7ms)
			BackupInstance (0ms)
			ReleaseScriptingObjects (0ms)
			CreateAndSetChildDomain (55ms)
		LoadAllAssembliesAndSetupDomain (571ms)
			LoadAssemblies (301ms)
			RebuildTransferFunctionScriptingTraits (0ms)
			SetupTypeCache (342ms)
				TypeCache.Initialize (336ms)
					TypeCache.ScanAssembly (330ms)
				ResolveRequiredComponents (5ms)
		FinalizeReload (0ms)
			ReleaseScriptCaches (0ms)
			RebuildScriptCaches (0ms)
			SetupLoadedEditorAssemblies (397ms)
				LogAssemblyErrors (0ms)
				InitializePlatformSupportModulesInManaged (20ms)
				SetLoadedEditorAssemblies (5ms)
				RefreshPlugins (0ms)
				BeforeProcessingInitializeOnLoad (79ms)
				ProcessInitializeOnLoadAttributes (255ms)
				ProcessInitializeOnLoadMethodAttributes (36ms)
				AfterProcessingInitializeOnLoad (2ms)
				EditorAssembliesLoaded (0ms)
			ExecutionOrderSort2 (0ms)
			AwakeInstancesAfterBackupRestoration (9ms)
Refreshing native plugins compatible for Editor in 12.95 ms, found 7 plugins.
Preloading 0 native plugins for Editor in 0.00 ms.
Unloading 4247 Unused Serialized files (Serialized files now loaded: 0)
Unloading 44 unused Assets / (1.3 MB). Loaded Objects now: 4755.
Memory consumption went from 0.64 GB to 0.64 GB.
Total: 6.990500 ms (FindLiveObjects: 0.597200 ms CreateObjectMapping: 1.890600 ms MarkObjects: 4.177700 ms  DeleteObjects: 0.323700 ms)

Prepare: number of updated asset objects reloaded= 0
AssetImportParameters requested are different than current active one (requested -> active):
  custom:container-demuxer-ogg: 62fdf1f143b41e24485cea50d1cbac27 -> 
  custom:video-decoder-ogg-theora: a1e56fd34408186e4bbccfd4996cb3dc -> 
  custom:framework-win-MediaFoundation: 216162199b28c13a410421893ffa2e32 -> 
  custom:container-demuxer-webm: 4f35f7cbe854078d1ac9338744f61a02 -> 
  custom:container-muxer-webm: aa71ff27fc2769a1b78a27578f13a17b -> 
  custom:video-decoder-webm-vp8: 9c59270c3fd7afecdb556c50c9e8de78 -> 
  custom:AudioImporter_EditorPlatform: d09bf68614088b80899f8185d706f6e7 -> 
  custom:video-encoder-webm-vp8: eb34c28f22e8b96e1ab97ce403110664 -> 
  custom:audio-decoder-ogg-vorbis: bf7c407c2cedff20999df2af8eb42d56 -> 
  custom:audio-encoder-webm-vorbis: bf7c407c2cedff20999df2af8eb42d56 -> 
========================================================================
Received Prepare
Begin MonoManager ReloadAssembly
Symbol file LoadedFromMemory doesn't match image E:\Work ()\FMP WORK\Isometric Level\Library\PackageCache\com.unity.visualscripting@1.8.0\Editor\VisualScripting.Core\Dependencies\YamlDotNet\Unity.VisualScripting.YamlDotNet.dll
Symbol file LoadedFromMemory doesn't match image E:\Work ()\FMP WORK\Isometric Level\Library\PackageCache\com.unity.visualscripting@1.8.0\Editor\VisualScripting.Core\Dependencies\DotNetZip\Unity.VisualScripting.IonicZip.dll
- Loaded All Assemblies, in  0.777 seconds
Refreshing native plugins compatible for Editor in 5.41 ms, found 7 plugins.
Native extension for WindowsStandalone target not found
Native extension for Android target not found
Mono: successfully reloaded assembly
- Finished resetting the current domain, in  0.982 seconds
Domain Reload Profiling:
	ReloadAssembly (241ms)
		BeginReloadAssembly (167ms)
			ExecutionOrderSort (0ms)
			DisableScriptedObjects (7ms)
			BackupInstance (0ms)
			ReleaseScriptingObjects (0ms)
			CreateAndSetChildDomain (49ms)
		LoadAllAssembliesAndSetupDomain (535ms)
			LoadAssemblies (298ms)
			RebuildTransferFunctionScriptingTraits (0ms)
			SetupTypeCache (314ms)
				TypeCache.Initialize (309ms)
					TypeCache.ScanAssembly (302ms)
				ResolveRequiredComponents (5ms)
		FinalizeReload (0ms)
			ReleaseScriptCaches (0ms)
			RebuildScriptCaches (0ms)
			SetupLoadedEditorAssemblies (378ms)
				LogAssemblyErrors (0ms)
				InitializePlatformSupportModulesInManaged (19ms)
				SetLoadedEditorAssemblies (5ms)
				RefreshPlugins (0ms)
				BeforeProcessingInitializeOnLoad (75ms)
				ProcessInitializeOnLoadAttributes (245ms)
				ProcessInitializeOnLoadMethodAttributes (31ms)
				AfterProcessingInitializeOnLoad (2ms)
				EditorAssembliesLoaded (0ms)
			ExecutionOrderSort2 (0ms)
			AwakeInstancesAfterBackupRestoration (8ms)
Refreshing native plugins compatible for Editor in 12.06 ms, found 7 plugins.
Preloading 0 native plugins for Editor in 0.00 ms.
Unloading 4248 Unused Serialized files (Serialized files now loaded: 0)
Unloading 44 unused Assets / (1.3 MB). Loaded Objects now: 4758.
Memory consumption went from 0.64 GB to 0.64 GB.
Total: 4.137100 ms (FindLiveObjects: 0.401600 ms CreateObjectMapping: 0.582600 ms MarkObjects: 2.861100 ms  DeleteObjects: 0.290800 ms)

Prepare: number of updated asset objects reloaded= 0
AssetImportParameters requested are different than current active one (requested -> active):
  custom:container-demuxer-ogg: 62fdf1f143b41e24485cea50d1cbac27 -> 
  custom:video-decoder-ogg-theora: a1e56fd34408186e4bbccfd4996cb3dc -> 
  custom:framework-win-MediaFoundation: 216162199b28c13a410421893ffa2e32 -> 
  custom:container-demuxer-webm: 4f35f7cbe854078d1ac9338744f61a02 -> 
  custom:container-muxer-webm: aa71ff27fc2769a1b78a27578f13a17b -> 
  custom:video-decoder-webm-vp8: 9c59270c3fd7afecdb556c50c9e8de78 -> 
  custom:AudioImporter_EditorPlatform: d09bf68614088b80899f8185d706f6e7 -> 
  custom:video-encoder-webm-vp8: eb34c28f22e8b96e1ab97ce403110664 -> 
  custom:audio-decoder-ogg-vorbis: bf7c407c2cedff20999df2af8eb42d56 -> 
  custom:audio-encoder-webm-vorbis: bf7c407c2cedff20999df2af8eb42d56 -> 
========================================================================
Received Prepare
Begin MonoManager ReloadAssembly
Symbol file LoadedFromMemory doesn't match image E:\Work ()\FMP WORK\Isometric Level\Library\PackageCache\com.unity.visualscripting@1.8.0\Editor\VisualScripting.Core\Dependencies\YamlDotNet\Unity.VisualScripting.YamlDotNet.dll
Symbol file LoadedFromMemory doesn't match image E:\Work ()\FMP WORK\Isometric Level\Library\PackageCache\com.unity.visualscripting@1.8.0\Editor\VisualScripting.Core\Dependencies\DotNetZip\Unity.VisualScripting.IonicZip.dll
- Loaded All Assemblies, in  0.773 seconds
Refreshing native plugins compatible for Editor in 7.27 ms, found 7 plugins.
Native extension for WindowsStandalone target not found
Native extension for Android target not found
Mono: successfully reloaded assembly
- Finished resetting the current domain, in  0.980 seconds
Domain Reload Profiling:
	ReloadAssembly (230ms)
		BeginReloadAssembly (155ms)
			ExecutionOrderSort (0ms)
			DisableScriptedObjects (7ms)
			BackupInstance (0ms)
			ReleaseScriptingObjects (0ms)
			CreateAndSetChildDomain (44ms)
		LoadAllAssembliesAndSetupDomain (542ms)
			LoadAssemblies (289ms)
			RebuildTransferFunctionScriptingTraits (0ms)
			SetupTypeCache (325ms)
				TypeCache.Initialize (317ms)
					TypeCache.ScanAssembly (309ms)
				ResolveRequiredComponents (7ms)
		FinalizeReload (0ms)
			ReleaseScriptCaches (0ms)
			RebuildScriptCaches (0ms)
			SetupLoadedEditorAssemblies (375ms)
				LogAssemblyErrors (0ms)
				InitializePlatformSupportModulesInManaged (25ms)
				SetLoadedEditorAssemblies (5ms)
				RefreshPlugins (0ms)
				BeforeProcessingInitializeOnLoad (78ms)
				ProcessInitializeOnLoadAttributes (234ms)
				ProcessInitializeOnLoadMethodAttributes (30ms)
				AfterProcessingInitializeOnLoad (2ms)
				EditorAssembliesLoaded (0ms)
			ExecutionOrderSort2 (0ms)
			AwakeInstancesAfterBackupRestoration (11ms)
Refreshing native plugins compatible for Editor in 11.60 ms, found 7 plugins.
Preloading 0 native plugins for Editor in 0.00 ms.
Unloading 4248 Unused Serialized files (Serialized files now loaded: 0)
Unloading 44 unused Assets / (1.3 MB). Loaded Objects now: 4761.
Memory consumption went from 0.64 GB to 0.64 GB.
Total: 6.370800 ms (FindLiveObjects: 0.493500 ms CreateObjectMapping: 1.018800 ms MarkObjects: 4.473800 ms  DeleteObjects: 0.383600 ms)

Prepare: number of updated asset objects reloaded= 0
AssetImportParameters requested are different than current active one (requested -> active):
  custom:container-demuxer-ogg: 62fdf1f143b41e24485cea50d1cbac27 -> 
  custom:video-decoder-ogg-theora: a1e56fd34408186e4bbccfd4996cb3dc -> 
  custom:framework-win-MediaFoundation: 216162199b28c13a410421893ffa2e32 -> 
  custom:container-demuxer-webm: 4f35f7cbe854078d1ac9338744f61a02 -> 
  custom:container-muxer-webm: aa71ff27fc2769a1b78a27578f13a17b -> 
  custom:video-decoder-webm-vp8: 9c59270c3fd7afecdb556c50c9e8de78 -> 
  custom:AudioImporter_EditorPlatform: d09bf68614088b80899f8185d706f6e7 -> 
  custom:video-encoder-webm-vp8: eb34c28f22e8b96e1ab97ce403110664 -> 
  custom:audio-decoder-ogg-vorbis: bf7c407c2cedff20999df2af8eb42d56 -> 
  custom:audio-encoder-webm-vorbis: bf7c407c2cedff20999df2af8eb42d56 -> 
========================================================================
Received Prepare
Begin MonoManager ReloadAssembly
Symbol file LoadedFromMemory doesn't match image E:\Work ()\FMP WORK\Isometric Level\Library\PackageCache\com.unity.visualscripting@1.8.0\Editor\VisualScripting.Core\Dependencies\YamlDotNet\Unity.VisualScripting.YamlDotNet.dll
Symbol file LoadedFromMemory doesn't match image E:\Work ()\FMP WORK\Isometric Level\Library\PackageCache\com.unity.visualscripting@1.8.0\Editor\VisualScripting.Core\Dependencies\DotNetZip\Unity.VisualScripting.IonicZip.dll
- Loaded All Assemblies, in  0.861 seconds
Refreshing native plugins compatible for Editor in 6.76 ms, found 7 plugins.
Native extension for WindowsStandalone target not found
Native extension for Android target not found
Mono: successfully reloaded assembly
- Finished resetting the current domain, in  1.054 seconds
Domain Reload Profiling:
	ReloadAssembly (251ms)
		BeginReloadAssembly (176ms)
			ExecutionOrderSort (0ms)
			DisableScriptedObjects (7ms)
			BackupInstance (0ms)
			ReleaseScriptingObjects (0ms)
			CreateAndSetChildDomain (54ms)
		LoadAllAssembliesAndSetupDomain (608ms)
			LoadAssemblies (317ms)
			RebuildTransferFunctionScriptingTraits (0ms)
			SetupTypeCache (375ms)
				TypeCache.Initialize (361ms)
					TypeCache.ScanAssembly (354ms)
				ResolveRequiredComponents (6ms)
		FinalizeReload (0ms)
			ReleaseScriptCaches (0ms)
			RebuildScriptCaches (0ms)
			SetupLoadedEditorAssemblies (396ms)
				LogAssemblyErrors (0ms)
				InitializePlatformSupportModulesInManaged (22ms)
				SetLoadedEditorAssemblies (5ms)
				RefreshPlugins (0ms)
				BeforeProcessingInitializeOnLoad (80ms)
				ProcessInitializeOnLoadAttributes (253ms)
				ProcessInitializeOnLoadMethodAttributes (34ms)
				AfterProcessingInitializeOnLoad (2ms)
				EditorAssembliesLoaded (0ms)
			ExecutionOrderSort2 (0ms)
			AwakeInstancesAfterBackupRestoration (9ms)
Refreshing native plugins compatible for Editor in 6.11 ms, found 7 plugins.
Preloading 0 native plugins for Editor in 0.00 ms.
Unloading 4248 Unused Serialized files (Serialized files now loaded: 0)
Unloading 44 unused Assets / (1.3 MB). Loaded Objects now: 4764.
Memory consumption went from 0.64 GB to 0.64 GB.
Total: 3.796100 ms (FindLiveObjects: 0.340800 ms CreateObjectMapping: 0.377600 ms MarkObjects: 2.805200 ms  DeleteObjects: 0.271400 ms)

Prepare: number of updated asset objects reloaded= 0
AssetImportParameters requested are different than current active one (requested -> active):
  custom:container-demuxer-ogg: 62fdf1f143b41e24485cea50d1cbac27 -> 
  custom:video-decoder-ogg-theora: a1e56fd34408186e4bbccfd4996cb3dc -> 
  custom:framework-win-MediaFoundation: 216162199b28c13a410421893ffa2e32 -> 
  custom:container-demuxer-webm: 4f35f7cbe854078d1ac9338744f61a02 -> 
  custom:container-muxer-webm: aa71ff27fc2769a1b78a27578f13a17b -> 
  custom:video-decoder-webm-vp8: 9c59270c3fd7afecdb556c50c9e8de78 -> 
  custom:AudioImporter_EditorPlatform: d09bf68614088b80899f8185d706f6e7 -> 
  custom:video-encoder-webm-vp8: eb34c28f22e8b96e1ab97ce403110664 -> 
  custom:audio-decoder-ogg-vorbis: bf7c407c2cedff20999df2af8eb42d56 -> 
  custom:audio-encoder-webm-vorbis: bf7c407c2cedff20999df2af8eb42d56 -> 
========================================================================
Received Import Request.
  Time since last request: 842.480398 seconds.
  path: Assets/Overlay.cs
  artifactKey: Guid(a46712b9593ed8140ae78a814c1bbad8) Importer(815301076,1909f56bfc062723c751e8b465ee728b)
Start importing Assets/Overlay.cs using Guid(a46712b9593ed8140ae78a814c1bbad8) Importer(815301076,1909f56bfc062723c751e8b465ee728b)  -> (artifact id: 'c0773c3d23396a01d75e7d9a183c1a50') in 0.001834 seconds 
Number of updated asset objects reloaded before import = 0
Number of asset objects unloaded after import = 0
========================================================================
Received Prepare
Begin MonoManager ReloadAssembly
Symbol file LoadedFromMemory doesn't match image E:\Work ()\FMP WORK\Isometric Level\Library\PackageCache\com.unity.visualscripting@1.8.0\Editor\VisualScripting.Core\Dependencies\YamlDotNet\Unity.VisualScripting.YamlDotNet.dll
Symbol file LoadedFromMemory doesn't match image E:\Work ()\FMP WORK\Isometric Level\Library\PackageCache\com.unity.visualscripting@1.8.0\Editor\VisualScripting.Core\Dependencies\DotNetZip\Unity.VisualScripting.IonicZip.dll
- Loaded All Assemblies, in  0.837 seconds
Refreshing native plugins compatible for Editor in 5.60 ms, found 7 plugins.
Native extension for WindowsStandalone target not found
Native extension for Android target not found
Mono: successfully reloaded assembly
- Finished resetting the current domain, in  1.775 seconds
Domain Reload Profiling:
	ReloadAssembly (242ms)
		BeginReloadAssembly (161ms)
			ExecutionOrderSort (0ms)
			DisableScriptedObjects (7ms)
			BackupInstance (0ms)
			ReleaseScriptingObjects (0ms)
			CreateAndSetChildDomain (44ms)
		LoadAllAssembliesAndSetupDomain (594ms)
			LoadAssemblies (353ms)
			RebuildTransferFunctionScriptingTraits (0ms)
			SetupTypeCache (321ms)
				TypeCache.Initialize (316ms)
					TypeCache.ScanAssembly (310ms)
				ResolveRequiredComponents (5ms)
		FinalizeReload (0ms)
			ReleaseScriptCaches (0ms)
			RebuildScriptCaches (0ms)
			SetupLoadedEditorAssemblies (668ms)
				LogAssemblyErrors (0ms)
				InitializePlatformSupportModulesInManaged (43ms)
				SetLoadedEditorAssemblies (10ms)
				RefreshPlugins (0ms)
				BeforeProcessingInitializeOnLoad (128ms)
				ProcessInitializeOnLoadAttributes (441ms)
				ProcessInitializeOnLoadMethodAttributes (43ms)
				AfterProcessingInitializeOnLoad (3ms)
				EditorAssembliesLoaded (0ms)
			ExecutionOrderSort2 (0ms)
			AwakeInstancesAfterBackupRestoration (17ms)
Refreshing native plugins compatible for Editor in 6.54 ms, found 7 plugins.
Preloading 0 native plugins for Editor in 0.00 ms.
Unloading 4247 Unused Serialized files (Serialized files now loaded: 0)
Unloading 44 unused Assets / (1.3 MB). Loaded Objects now: 4767.
Memory consumption went from 0.64 GB to 0.64 GB.
Total: 5.179000 ms (FindLiveObjects: 0.390800 ms CreateObjectMapping: 0.414900 ms MarkObjects: 4.053000 ms  DeleteObjects: 0.318900 ms)

Prepare: number of updated asset objects reloaded= 0
AssetImportParameters requested are different than current active one (requested -> active):
  custom:container-demuxer-ogg: 62fdf1f143b41e24485cea50d1cbac27 -> 
  custom:video-decoder-ogg-theora: a1e56fd34408186e4bbccfd4996cb3dc -> 
  custom:framework-win-MediaFoundation: 216162199b28c13a410421893ffa2e32 -> 
  custom:container-demuxer-webm: 4f35f7cbe854078d1ac9338744f61a02 -> 
  custom:container-muxer-webm: aa71ff27fc2769a1b78a27578f13a17b -> 
  custom:video-decoder-webm-vp8: 9c59270c3fd7afecdb556c50c9e8de78 -> 
  custom:AudioImporter_EditorPlatform: d09bf68614088b80899f8185d706f6e7 -> 
  custom:video-encoder-webm-vp8: eb34c28f22e8b96e1ab97ce403110664 -> 
  custom:audio-decoder-ogg-vorbis: bf7c407c2cedff20999df2af8eb42d56 -> 
  custom:audio-encoder-webm-vorbis: bf7c407c2cedff20999df2af8eb42d56 -> 
========================================================================
Received Prepare
Begin MonoManager ReloadAssembly
Symbol file LoadedFromMemory doesn't match image E:\Work ()\FMP WORK\Isometric Level\Library\PackageCache\com.unity.visualscripting@1.8.0\Editor\VisualScripting.Core\Dependencies\YamlDotNet\Unity.VisualScripting.YamlDotNet.dll
Symbol file LoadedFromMemory doesn't match image E:\Work ()\FMP WORK\Isometric Level\Library\PackageCache\com.unity.visualscripting@1.8.0\Editor\VisualScripting.Core\Dependencies\DotNetZip\Unity.VisualScripting.IonicZip.dll
- Loaded All Assemblies, in  0.764 seconds
Refreshing native plugins compatible for Editor in 6.19 ms, found 7 plugins.
Native extension for WindowsStandalone target not found
Native extension for Android target not found
Mono: successfully reloaded assembly
- Finished resetting the current domain, in  1.120 seconds
Domain Reload Profiling:
	ReloadAssembly (232ms)
		BeginReloadAssembly (154ms)
			ExecutionOrderSort (0ms)
			DisableScriptedObjects (7ms)
			BackupInstance (0ms)
			ReleaseScriptingObjects (0ms)
			CreateAndSetChildDomain (42ms)
		LoadAllAssembliesAndSetupDomain (531ms)
			LoadAssemblies (289ms)
			RebuildTransferFunctionScriptingTraits (0ms)
			SetupTypeCache (316ms)
				TypeCache.Initialize (305ms)
					TypeCache.ScanAssembly (297ms)
				ResolveRequiredComponents (5ms)
		FinalizeReload (0ms)
			ReleaseScriptCaches (0ms)
			RebuildScriptCaches (0ms)
			SetupLoadedEditorAssemblies (425ms)
				LogAssemblyErrors (0ms)
				InitializePlatformSupportModulesInManaged (28ms)
				SetLoadedEditorAssemblies (7ms)
				RefreshPlugins (0ms)
				BeforeProcessingInitializeOnLoad (103ms)
				ProcessInitializeOnLoadAttributes (256ms)
				ProcessInitializeOnLoadMethodAttributes (29ms)
				AfterProcessingInitializeOnLoad (2ms)
				EditorAssembliesLoaded (0ms)
			ExecutionOrderSort2 (0ms)
			AwakeInstancesAfterBackupRestoration (8ms)
Refreshing native plugins compatible for Editor in 6.60 ms, found 7 plugins.
Preloading 0 native plugins for Editor in 0.00 ms.
Unloading 4248 Unused Serialized files (Serialized files now loaded: 0)
Unloading 44 unused Assets / (1.3 MB). Loaded Objects now: 4770.
Memory consumption went from 0.64 GB to 0.64 GB.
Total: 5.391500 ms (FindLiveObjects: 0.375300 ms CreateObjectMapping: 0.547400 ms MarkObjects: 4.033600 ms  DeleteObjects: 0.433900 ms)

Prepare: number of updated asset objects reloaded= 0
AssetImportParameters requested are different than current active one (requested -> active):
  custom:container-demuxer-ogg: 62fdf1f143b41e24485cea50d1cbac27 -> 
  custom:video-decoder-ogg-theora: a1e56fd34408186e4bbccfd4996cb3dc -> 
  custom:framework-win-MediaFoundation: 216162199b28c13a410421893ffa2e32 -> 
  custom:container-demuxer-webm: 4f35f7cbe854078d1ac9338744f61a02 -> 
  custom:container-muxer-webm: aa71ff27fc2769a1b78a27578f13a17b -> 
  custom:video-decoder-webm-vp8: 9c59270c3fd7afecdb556c50c9e8de78 -> 
  custom:AudioImporter_EditorPlatform: d09bf68614088b80899f8185d706f6e7 -> 
  custom:video-encoder-webm-vp8: eb34c28f22e8b96e1ab97ce403110664 -> 
  custom:audio-decoder-ogg-vorbis: bf7c407c2cedff20999df2af8eb42d56 -> 
  custom:audio-encoder-webm-vorbis: bf7c407c2cedff20999df2af8eb42d56 -> 
========================================================================
Received Prepare
Begin MonoManager ReloadAssembly
Symbol file LoadedFromMemory doesn't match image E:\Work ()\FMP WORK\Isometric Level\Library\PackageCache\com.unity.visualscripting@1.8.0\Editor\VisualScripting.Core\Dependencies\YamlDotNet\Unity.VisualScripting.YamlDotNet.dll
Symbol file LoadedFromMemory doesn't match image E:\Work ()\FMP WORK\Isometric Level\Library\PackageCache\com.unity.visualscripting@1.8.0\Editor\VisualScripting.Core\Dependencies\DotNetZip\Unity.VisualScripting.IonicZip.dll
- Loaded All Assemblies, in  0.812 seconds
Refreshing native plugins compatible for Editor in 7.06 ms, found 7 plugins.
Native extension for WindowsStandalone target not found
Native extension for Android target not found
Mono: successfully reloaded assembly
- Finished resetting the current domain, in  1.564 seconds
Domain Reload Profiling:
	ReloadAssembly (248ms)
		BeginReloadAssembly (154ms)
			ExecutionOrderSort (0ms)
			DisableScriptedObjects (7ms)
			BackupInstance (0ms)
			ReleaseScriptingObjects (0ms)
			CreateAndSetChildDomain (42ms)
		LoadAllAssembliesAndSetupDomain (564ms)
			LoadAssemblies (288ms)
			RebuildTransferFunctionScriptingTraits (0ms)
			SetupTypeCache (350ms)
				TypeCache.Initialize (344ms)
					TypeCache.ScanAssembly (337ms)
				ResolveRequiredComponents (5ms)
		FinalizeReload (0ms)
			ReleaseScriptCaches (0ms)
			RebuildScriptCaches (0ms)
			SetupLoadedEditorAssemblies (638ms)
				LogAssemblyErrors (0ms)
				InitializePlatformSupportModulesInManaged (35ms)
				SetLoadedEditorAssemblies (6ms)
				RefreshPlugins (0ms)
				BeforeProcessingInitializeOnLoad (122ms)
				ProcessInitializeOnLoadAttributes (418ms)
				ProcessInitializeOnLoadMethodAttributes (55ms)
				AfterProcessingInitializeOnLoad (2ms)
				EditorAssembliesLoaded (0ms)
			ExecutionOrderSort2 (0ms)
			AwakeInstancesAfterBackupRestoration (11ms)
Refreshing native plugins compatible for Editor in 6.31 ms, found 7 plugins.
Preloading 0 native plugins for Editor in 0.00 ms.
Unloading 4248 Unused Serialized files (Serialized files now loaded: 0)
Unloading 44 unused Assets / (1.3 MB). Loaded Objects now: 4773.
Memory consumption went from 0.64 GB to 0.64 GB.
Total: 4.031500 ms (FindLiveObjects: 0.409000 ms CreateObjectMapping: 0.482600 ms MarkObjects: 2.781700 ms  DeleteObjects: 0.357300 ms)

Prepare: number of updated asset objects reloaded= 0
AssetImportParameters requested are different than current active one (requested -> active):
  custom:container-demuxer-ogg: 62fdf1f143b41e24485cea50d1cbac27 -> 
  custom:video-decoder-ogg-theora: a1e56fd34408186e4bbccfd4996cb3dc -> 
  custom:framework-win-MediaFoundation: 216162199b28c13a410421893ffa2e32 -> 
  custom:container-demuxer-webm: 4f35f7cbe854078d1ac9338744f61a02 -> 
  custom:container-muxer-webm: aa71ff27fc2769a1b78a27578f13a17b -> 
  custom:video-decoder-webm-vp8: 9c59270c3fd7afecdb556c50c9e8de78 -> 
  custom:AudioImporter_EditorPlatform: d09bf68614088b80899f8185d706f6e7 -> 
  custom:video-encoder-webm-vp8: eb34c28f22e8b96e1ab97ce403110664 -> 
  custom:audio-decoder-ogg-vorbis: bf7c407c2cedff20999df2af8eb42d56 -> 
  custom:audio-encoder-webm-vorbis: bf7c407c2cedff20999df2af8eb42d56 -> 
========================================================================
Received Prepare
Begin MonoManager ReloadAssembly
Symbol file LoadedFromMemory doesn't match image E:\Work ()\FMP WORK\Isometric Level\Library\PackageCache\com.unity.visualscripting@1.8.0\Editor\VisualScripting.Core\Dependencies\YamlDotNet\Unity.VisualScripting.YamlDotNet.dll
Symbol file LoadedFromMemory doesn't match image E:\Work ()\FMP WORK\Isometric Level\Library\PackageCache\com.unity.visualscripting@1.8.0\Editor\VisualScripting.Core\Dependencies\DotNetZip\Unity.VisualScripting.IonicZip.dll
- Loaded All Assemblies, in  0.820 seconds
Refreshing native plugins compatible for Editor in 5.55 ms, found 7 plugins.
Native extension for WindowsStandalone target not found
Native extension for Android target not found
Mono: successfully reloaded assembly
- Finished resetting the current domain, in  3.017 seconds
Domain Reload Profiling:
	ReloadAssembly (254ms)
		BeginReloadAssembly (174ms)
			ExecutionOrderSort (0ms)
			DisableScriptedObjects (9ms)
			BackupInstance (0ms)
			ReleaseScriptingObjects (0ms)
			CreateAndSetChildDomain (45ms)
		LoadAllAssembliesAndSetupDomain (565ms)
			LoadAssemblies (341ms)
			RebuildTransferFunctionScriptingTraits (0ms)
			SetupTypeCache (311ms)
				TypeCache.Initialize (305ms)
					TypeCache.ScanAssembly (299ms)
				ResolveRequiredComponents (5ms)
		FinalizeReload (0ms)
			ReleaseScriptCaches (0ms)
			RebuildScriptCaches (0ms)
			SetupLoadedEditorAssemblies (394ms)
				LogAssemblyErrors (0ms)
				InitializePlatformSupportModulesInManaged (24ms)
				SetLoadedEditorAssemblies (6ms)
				RefreshPlugins (0ms)
				BeforeProcessingInitializeOnLoad (80ms)
				ProcessInitializeOnLoadAttributes (249ms)
				ProcessInitializeOnLoadMethodAttributes (32ms)
				AfterProcessingInitializeOnLoad (2ms)
				EditorAssembliesLoaded (0ms)
			ExecutionOrderSort2 (0ms)
			AwakeInstancesAfterBackupRestoration (8ms)
Refreshing native plugins compatible for Editor in 6.87 ms, found 7 plugins.
Preloading 0 native plugins for Editor in 0.00 ms.
Unloading 4248 Unused Serialized files (Serialized files now loaded: 0)
Unloading 44 unused Assets / (1.3 MB). Loaded Objects now: 4776.
Memory consumption went from 0.64 GB to 0.64 GB.
Total: 6.217900 ms (FindLiveObjects: 0.423400 ms CreateObjectMapping: 0.538400 ms MarkObjects: 4.853200 ms  DeleteObjects: 0.401700 ms)

Prepare: number of updated asset objects reloaded= 0
AssetImportParameters requested are different than current active one (requested -> active):
  custom:container-demuxer-ogg: 62fdf1f143b41e24485cea50d1cbac27 -> 
  custom:video-decoder-ogg-theora: a1e56fd34408186e4bbccfd4996cb3dc -> 
  custom:framework-win-MediaFoundation: 216162199b28c13a410421893ffa2e32 -> 
  custom:container-demuxer-webm: 4f35f7cbe854078d1ac9338744f61a02 -> 
  custom:container-muxer-webm: aa71ff27fc2769a1b78a27578f13a17b -> 
  custom:video-decoder-webm-vp8: 9c59270c3fd7afecdb556c50c9e8de78 -> 
  custom:AudioImporter_EditorPlatform: d09bf68614088b80899f8185d706f6e7 -> 
  custom:video-encoder-webm-vp8: eb34c28f22e8b96e1ab97ce403110664 -> 
  custom:audio-decoder-ogg-vorbis: bf7c407c2cedff20999df2af8eb42d56 -> 
  custom:audio-encoder-webm-vorbis: bf7c407c2cedff20999df2af8eb42d56 -> 
========================================================================
Received Import Request.
  Time since last request: 2219.911374 seconds.
  path: Assets/LawlessGames/Tactics Toolkit Pathfinding/Pathfinding/Part 3 - RangeFinding and Path Display/Prefab/SelectedTile.prefab
  artifactKey: Guid(73590fb3461fae64cbaf3ebc4e72352b) Importer(815301076,1909f56bfc062723c751e8b465ee728b)
Start importing Assets/LawlessGames/Tactics Toolkit Pathfinding/Pathfinding/Part 3 - RangeFinding and Path Display/Prefab/SelectedTile.prefab using Guid(73590fb3461fae64cbaf3ebc4e72352b) Importer(815301076,1909f56bfc062723c751e8b465ee728b)  -> (artifact id: 'bd537afafa81b303c423bd0a339b6221') in 0.095532 seconds 
Number of updated asset objects reloaded before import = 0
Number of asset objects unloaded after import = 25
========================================================================
Received Prepare
Begin MonoManager ReloadAssembly
Symbol file LoadedFromMemory doesn't match image E:\Work ()\FMP WORK\Isometric Level\Library\PackageCache\com.unity.visualscripting@1.8.0\Editor\VisualScripting.Core\Dependencies\YamlDotNet\Unity.VisualScripting.YamlDotNet.dll
Symbol file LoadedFromMemory doesn't match image E:\Work ()\FMP WORK\Isometric Level\Library\PackageCache\com.unity.visualscripting@1.8.0\Editor\VisualScripting.Core\Dependencies\DotNetZip\Unity.VisualScripting.IonicZip.dll
- Loaded All Assemblies, in  0.799 seconds
Refreshing native plugins compatible for Editor in 5.57 ms, found 7 plugins.
Native extension for WindowsStandalone target not found
Native extension for Android target not found
Mono: successfully reloaded assembly
- Finished resetting the current domain, in  1.365 seconds
Domain Reload Profiling:
	ReloadAssembly (245ms)
		BeginReloadAssembly (162ms)
			ExecutionOrderSort (0ms)
			DisableScriptedObjects (7ms)
			BackupInstance (0ms)
			ReleaseScriptingObjects (0ms)
			CreateAndSetChildDomain (46ms)
		LoadAllAssembliesAndSetupDomain (554ms)
			LoadAssemblies (309ms)
			RebuildTransferFunctionScriptingTraits (0ms)
			SetupTypeCache (322ms)
				TypeCache.Initialize (314ms)
					TypeCache.ScanAssembly (307ms)
				ResolveRequiredComponents (8ms)
		FinalizeReload (0ms)
			ReleaseScriptCaches (0ms)
			RebuildScriptCaches (0ms)
			SetupLoadedEditorAssemblies (506ms)
				LogAssemblyErrors (0ms)
				InitializePlatformSupportModulesInManaged (30ms)
				SetLoadedEditorAssemblies (6ms)
				RefreshPlugins (0ms)
				BeforeProcessingInitializeOnLoad (110ms)
				ProcessInitializeOnLoadAttributes (310ms)
				ProcessInitializeOnLoadMethodAttributes (47ms)
				AfterProcessingInitializeOnLoad (3ms)
				EditorAssembliesLoaded (0ms)
			ExecutionOrderSort2 (0ms)
			AwakeInstancesAfterBackupRestoration (15ms)
Refreshing native plugins compatible for Editor in 8.36 ms, found 7 plugins.
Preloading 0 native plugins for Editor in 0.00 ms.
Unloading 4247 Unused Serialized files (Serialized files now loaded: 0)
Unloading 44 unused Assets / (1.3 MB). Loaded Objects now: 4784.
Memory consumption went from 0.64 GB to 0.64 GB.
Total: 5.378500 ms (FindLiveObjects: 0.384300 ms CreateObjectMapping: 1.002600 ms MarkObjects: 3.702200 ms  DeleteObjects: 0.288200 ms)

Prepare: number of updated asset objects reloaded= 0
AssetImportParameters requested are different than current active one (requested -> active):
  custom:container-demuxer-ogg: 62fdf1f143b41e24485cea50d1cbac27 -> 
  custom:video-decoder-ogg-theora: a1e56fd34408186e4bbccfd4996cb3dc -> 
  custom:framework-win-MediaFoundation: 216162199b28c13a410421893ffa2e32 -> 
  custom:container-demuxer-webm: 4f35f7cbe854078d1ac9338744f61a02 -> 
  custom:container-muxer-webm: aa71ff27fc2769a1b78a27578f13a17b -> 
  custom:video-decoder-webm-vp8: 9c59270c3fd7afecdb556c50c9e8de78 -> 
  custom:AudioImporter_EditorPlatform: d09bf68614088b80899f8185d706f6e7 -> 
  custom:video-encoder-webm-vp8: eb34c28f22e8b96e1ab97ce403110664 -> 
  custom:audio-decoder-ogg-vorbis: bf7c407c2cedff20999df2af8eb42d56 -> 
  custom:audio-encoder-webm-vorbis: bf7c407c2cedff20999df2af8eb42d56 -> 
========================================================================
Received Prepare
Begin MonoManager ReloadAssembly
Symbol file LoadedFromMemory doesn't match image E:\Work ()\FMP WORK\Isometric Level\Library\PackageCache\com.unity.visualscripting@1.8.0\Editor\VisualScripting.Core\Dependencies\YamlDotNet\Unity.VisualScripting.YamlDotNet.dll
Symbol file LoadedFromMemory doesn't match image E:\Work ()\FMP WORK\Isometric Level\Library\PackageCache\com.unity.visualscripting@1.8.0\Editor\VisualScripting.Core\Dependencies\DotNetZip\Unity.VisualScripting.IonicZip.dll
- Loaded All Assemblies, in  0.791 seconds
Refreshing native plugins compatible for Editor in 5.66 ms, found 7 plugins.
Native extension for WindowsStandalone target not found
Native extension for Android target not found
Mono: successfully reloaded assembly
- Finished resetting the current domain, in  1.385 seconds
Domain Reload Profiling:
	ReloadAssembly (254ms)
		BeginReloadAssembly (169ms)
			ExecutionOrderSort (0ms)
			DisableScriptedObjects (7ms)
			BackupInstance (0ms)
			ReleaseScriptingObjects (0ms)
			CreateAndSetChildDomain (53ms)
		LoadAllAssembliesAndSetupDomain (536ms)
			LoadAssemblies (307ms)
			RebuildTransferFunctionScriptingTraits (0ms)
			SetupTypeCache (306ms)
				TypeCache.Initialize (300ms)
					TypeCache.ScanAssembly (295ms)
				ResolveRequiredComponents (6ms)
		FinalizeReload (0ms)
			ReleaseScriptCaches (0ms)
			RebuildScriptCaches (0ms)
			SetupLoadedEditorAssemblies (543ms)
				LogAssemblyErrors (0ms)
				InitializePlatformSupportModulesInManaged (45ms)
				SetLoadedEditorAssemblies (8ms)
				RefreshPlugins (0ms)
				BeforeProcessingInitializeOnLoad (98ms)
				ProcessInitializeOnLoadAttributes (342ms)
				ProcessInitializeOnLoadMethodAttributes (47ms)
				AfterProcessingInitializeOnLoad (2ms)
				EditorAssembliesLoaded (1ms)
			ExecutionOrderSort2 (0ms)
			AwakeInstancesAfterBackupRestoration (13ms)
Refreshing native plugins compatible for Editor in 7.70 ms, found 7 plugins.
Preloading 0 native plugins for Editor in 0.00 ms.
Unloading 4248 Unused Serialized files (Serialized files now loaded: 0)
Unloading 44 unused Assets / (1.3 MB). Loaded Objects now: 4787.
Memory consumption went from 0.64 GB to 0.64 GB.
Total: 7.021800 ms (FindLiveObjects: 0.435100 ms CreateObjectMapping: 0.520800 ms MarkObjects: 5.714300 ms  DeleteObjects: 0.349900 ms)

Prepare: number of updated asset objects reloaded= 0
AssetImportParameters requested are different than current active one (requested -> active):
  custom:container-demuxer-ogg: 62fdf1f143b41e24485cea50d1cbac27 -> 
  custom:video-decoder-ogg-theora: a1e56fd34408186e4bbccfd4996cb3dc -> 
  custom:framework-win-MediaFoundation: 216162199b28c13a410421893ffa2e32 -> 
  custom:container-demuxer-webm: 4f35f7cbe854078d1ac9338744f61a02 -> 
  custom:container-muxer-webm: aa71ff27fc2769a1b78a27578f13a17b -> 
  custom:video-decoder-webm-vp8: 9c59270c3fd7afecdb556c50c9e8de78 -> 
  custom:AudioImporter_EditorPlatform: d09bf68614088b80899f8185d706f6e7 -> 
  custom:video-encoder-webm-vp8: eb34c28f22e8b96e1ab97ce403110664 -> 
  custom:audio-decoder-ogg-vorbis: bf7c407c2cedff20999df2af8eb42d56 -> 
  custom:audio-encoder-webm-vorbis: bf7c407c2cedff20999df2af8eb42d56 -> 
========================================================================
Received Prepare
Begin MonoManager ReloadAssembly
Symbol file LoadedFromMemory doesn't match image E:\Work ()\FMP WORK\Isometric Level\Library\PackageCache\com.unity.visualscripting@1.8.0\Editor\VisualScripting.Core\Dependencies\YamlDotNet\Unity.VisualScripting.YamlDotNet.dll
Symbol file LoadedFromMemory doesn't match image E:\Work ()\FMP WORK\Isometric Level\Library\PackageCache\com.unity.visualscripting@1.8.0\Editor\VisualScripting.Core\Dependencies\DotNetZip\Unity.VisualScripting.IonicZip.dll
- Loaded All Assemblies, in  0.797 seconds
Refreshing native plugins compatible for Editor in 6.47 ms, found 7 plugins.
Native extension for WindowsStandalone target not found
Native extension for Android target not found
Mono: successfully reloaded assembly
- Finished resetting the current domain, in  1.123 seconds
Domain Reload Profiling:
	ReloadAssembly (270ms)
		BeginReloadAssembly (172ms)
			ExecutionOrderSort (0ms)
			DisableScriptedObjects (7ms)
			BackupInstance (0ms)
			ReleaseScriptingObjects (0ms)
			CreateAndSetChildDomain (45ms)
		LoadAllAssembliesAndSetupDomain (526ms)
			LoadAssemblies (307ms)
			RebuildTransferFunctionScriptingTraits (0ms)
			SetupTypeCache (305ms)
				TypeCache.Initialize (299ms)
					TypeCache.ScanAssembly (293ms)
				ResolveRequiredComponents (6ms)
		FinalizeReload (0ms)
			ReleaseScriptCaches (0ms)
			RebuildScriptCaches (0ms)
			SetupLoadedEditorAssemblies (434ms)
				LogAssemblyErrors (0ms)
				InitializePlatformSupportModulesInManaged (25ms)
				SetLoadedEditorAssemblies (5ms)
				RefreshPlugins (0ms)
				BeforeProcessingInitializeOnLoad (72ms)
				ProcessInitializeOnLoadAttributes (282ms)
				ProcessInitializeOnLoadMethodAttributes (47ms)
				AfterProcessingInitializeOnLoad (3ms)
				EditorAssembliesLoaded (0ms)
			ExecutionOrderSort2 (0ms)
			AwakeInstancesAfterBackupRestoration (13ms)
Refreshing native plugins compatible for Editor in 8.51 ms, found 7 plugins.
Preloading 0 native plugins for Editor in 0.00 ms.
Unloading 4248 Unused Serialized files (Serialized files now loaded: 0)
Unloading 44 unused Assets / (1.3 MB). Loaded Objects now: 4790.
Memory consumption went from 0.64 GB to 0.64 GB.
Total: 5.804800 ms (FindLiveObjects: 0.763400 ms CreateObjectMapping: 0.497300 ms MarkObjects: 3.951600 ms  DeleteObjects: 0.591100 ms)

Prepare: number of updated asset objects reloaded= 0
AssetImportParameters requested are different than current active one (requested -> active):
  custom:container-demuxer-ogg: 62fdf1f143b41e24485cea50d1cbac27 -> 
  custom:video-decoder-ogg-theora: a1e56fd34408186e4bbccfd4996cb3dc -> 
  custom:framework-win-MediaFoundation: 216162199b28c13a410421893ffa2e32 -> 
  custom:container-demuxer-webm: 4f35f7cbe854078d1ac9338744f61a02 -> 
  custom:container-muxer-webm: aa71ff27fc2769a1b78a27578f13a17b -> 
  custom:video-decoder-webm-vp8: 9c59270c3fd7afecdb556c50c9e8de78 -> 
  custom:AudioImporter_EditorPlatform: d09bf68614088b80899f8185d706f6e7 -> 
  custom:video-encoder-webm-vp8: eb34c28f22e8b96e1ab97ce403110664 -> 
  custom:audio-decoder-ogg-vorbis: bf7c407c2cedff20999df2af8eb42d56 -> 
  custom:audio-encoder-webm-vorbis: bf7c407c2cedff20999df2af8eb42d56 -> 
========================================================================
Received Prepare
Begin MonoManager ReloadAssembly
Symbol file LoadedFromMemory doesn't match image E:\Work ()\FMP WORK\Isometric Level\Library\PackageCache\com.unity.visualscripting@1.8.0\Editor\VisualScripting.Core\Dependencies\YamlDotNet\Unity.VisualScripting.YamlDotNet.dll
Symbol file LoadedFromMemory doesn't match image E:\Work ()\FMP WORK\Isometric Level\Library\PackageCache\com.unity.visualscripting@1.8.0\Editor\VisualScripting.Core\Dependencies\DotNetZip\Unity.VisualScripting.IonicZip.dll
- Loaded All Assemblies, in  0.782 seconds
Refreshing native plugins compatible for Editor in 5.65 ms, found 7 plugins.
Native extension for WindowsStandalone target not found
Native extension for Android target not found
Mono: successfully reloaded assembly
- Finished resetting the current domain, in  1.401 seconds
Domain Reload Profiling:
	ReloadAssembly (241ms)
		BeginReloadAssembly (163ms)
			ExecutionOrderSort (0ms)
			DisableScriptedObjects (7ms)
			BackupInstance (0ms)
			ReleaseScriptingObjects (0ms)
			CreateAndSetChildDomain (45ms)
		LoadAllAssembliesAndSetupDomain (540ms)
			LoadAssemblies (308ms)
			RebuildTransferFunctionScriptingTraits (0ms)
			SetupTypeCache (311ms)
				TypeCache.Initialize (306ms)
					TypeCache.ScanAssembly (300ms)
				ResolveRequiredComponents (5ms)
		FinalizeReload (0ms)
			ReleaseScriptCaches (0ms)
			RebuildScriptCaches (0ms)
			SetupLoadedEditorAssemblies (641ms)
				LogAssemblyErrors (0ms)
				InitializePlatformSupportModulesInManaged (29ms)
				SetLoadedEditorAssemblies (7ms)
				RefreshPlugins (0ms)
				BeforeProcessingInitializeOnLoad (112ms)
				ProcessInitializeOnLoadAttributes (436ms)
				ProcessInitializeOnLoadMethodAttributes (54ms)
				AfterProcessingInitializeOnLoad (3ms)
				EditorAssembliesLoaded (0ms)
			ExecutionOrderSort2 (0ms)
			AwakeInstancesAfterBackupRestoration (13ms)
Refreshing native plugins compatible for Editor in 10.58 ms, found 7 plugins.
Preloading 0 native plugins for Editor in 0.00 ms.
Unloading 4248 Unused Serialized files (Serialized files now loaded: 0)
Unloading 44 unused Assets / (1.3 MB). Loaded Objects now: 4793.
Memory consumption went from 0.64 GB to 0.64 GB.
Total: 6.641900 ms (FindLiveObjects: 0.383500 ms CreateObjectMapping: 0.431900 ms MarkObjects: 5.429800 ms  DeleteObjects: 0.395200 ms)

Prepare: number of updated asset objects reloaded= 0
AssetImportParameters requested are different than current active one (requested -> active):
  custom:container-demuxer-ogg: 62fdf1f143b41e24485cea50d1cbac27 -> 
  custom:video-decoder-ogg-theora: a1e56fd34408186e4bbccfd4996cb3dc -> 
  custom:framework-win-MediaFoundation: 216162199b28c13a410421893ffa2e32 -> 
  custom:container-demuxer-webm: 4f35f7cbe854078d1ac9338744f61a02 -> 
  custom:container-muxer-webm: aa71ff27fc2769a1b78a27578f13a17b -> 
  custom:video-decoder-webm-vp8: 9c59270c3fd7afecdb556c50c9e8de78 -> 
  custom:AudioImporter_EditorPlatform: d09bf68614088b80899f8185d706f6e7 -> 
  custom:video-encoder-webm-vp8: eb34c28f22e8b96e1ab97ce403110664 -> 
  custom:audio-decoder-ogg-vorbis: bf7c407c2cedff20999df2af8eb42d56 -> 
  custom:audio-encoder-webm-vorbis: bf7c407c2cedff20999df2af8eb42d56 -> 
========================================================================
Received Prepare
Begin MonoManager ReloadAssembly
Symbol file LoadedFromMemory doesn't match image E:\Work ()\FMP WORK\Isometric Level\Library\PackageCache\com.unity.visualscripting@1.8.0\Editor\VisualScripting.Core\Dependencies\YamlDotNet\Unity.VisualScripting.YamlDotNet.dll
Symbol file LoadedFromMemory doesn't match image E:\Work ()\FMP WORK\Isometric Level\Library\PackageCache\com.unity.visualscripting@1.8.0\Editor\VisualScripting.Core\Dependencies\DotNetZip\Unity.VisualScripting.IonicZip.dll
- Loaded All Assemblies, in  0.774 seconds
Refreshing native plugins compatible for Editor in 5.33 ms, found 7 plugins.
Native extension for WindowsStandalone target not found
Native extension for Android target not found
Mono: successfully reloaded assembly
- Finished resetting the current domain, in  1.350 seconds
Domain Reload Profiling:
	ReloadAssembly (239ms)
		BeginReloadAssembly (160ms)
			ExecutionOrderSort (0ms)
			DisableScriptedObjects (7ms)
			BackupInstance (0ms)
			ReleaseScriptingObjects (0ms)
			CreateAndSetChildDomain (45ms)
		LoadAllAssembliesAndSetupDomain (534ms)
			LoadAssemblies (295ms)
			RebuildTransferFunctionScriptingTraits (0ms)
			SetupTypeCache (316ms)
				TypeCache.Initialize (311ms)
					TypeCache.ScanAssembly (303ms)
				ResolveRequiredComponents (5ms)
		FinalizeReload (0ms)
			ReleaseScriptCaches (0ms)
			RebuildScriptCaches (0ms)
			SetupLoadedEditorAssemblies (552ms)
				LogAssemblyErrors (0ms)
				InitializePlatformSupportModulesInManaged (27ms)
				SetLoadedEditorAssemblies (8ms)
				RefreshPlugins (0ms)
				BeforeProcessingInitializeOnLoad (112ms)
				ProcessInitializeOnLoadAttributes (343ms)
				ProcessInitializeOnLoadMethodAttributes (56ms)
				AfterProcessingInitializeOnLoad (5ms)
				EditorAssembliesLoaded (0ms)
			ExecutionOrderSort2 (0ms)
			AwakeInstancesAfterBackupRestoration (15ms)
Refreshing native plugins compatible for Editor in 8.95 ms, found 7 plugins.
Preloading 0 native plugins for Editor in 0.00 ms.
Unloading 4248 Unused Serialized files (Serialized files now loaded: 0)
Unloading 44 unused Assets / (1.3 MB). Loaded Objects now: 4796.
Memory consumption went from 0.64 GB to 0.64 GB.
Total: 5.604400 ms (FindLiveObjects: 0.399800 ms CreateObjectMapping: 0.450000 ms MarkObjects: 4.420800 ms  DeleteObjects: 0.332000 ms)

Prepare: number of updated asset objects reloaded= 0
AssetImportParameters requested are different than current active one (requested -> active):
  custom:container-demuxer-ogg: 62fdf1f143b41e24485cea50d1cbac27 -> 
  custom:video-decoder-ogg-theora: a1e56fd34408186e4bbccfd4996cb3dc -> 
  custom:framework-win-MediaFoundation: 216162199b28c13a410421893ffa2e32 -> 
  custom:container-demuxer-webm: 4f35f7cbe854078d1ac9338744f61a02 -> 
  custom:container-muxer-webm: aa71ff27fc2769a1b78a27578f13a17b -> 
  custom:video-decoder-webm-vp8: 9c59270c3fd7afecdb556c50c9e8de78 -> 
  custom:AudioImporter_EditorPlatform: d09bf68614088b80899f8185d706f6e7 -> 
  custom:video-encoder-webm-vp8: eb34c28f22e8b96e1ab97ce403110664 -> 
  custom:audio-decoder-ogg-vorbis: bf7c407c2cedff20999df2af8eb42d56 -> 
  custom:audio-encoder-webm-vorbis: bf7c407c2cedff20999df2af8eb42d56 -> 
========================================================================
Received Prepare
Begin MonoManager ReloadAssembly
Symbol file LoadedFromMemory doesn't match image E:\Work ()\FMP WORK\Isometric Level\Library\PackageCache\com.unity.visualscripting@1.8.0\Editor\VisualScripting.Core\Dependencies\YamlDotNet\Unity.VisualScripting.YamlDotNet.dll
Symbol file LoadedFromMemory doesn't match image E:\Work ()\FMP WORK\Isometric Level\Library\PackageCache\com.unity.visualscripting@1.8.0\Editor\VisualScripting.Core\Dependencies\DotNetZip\Unity.VisualScripting.IonicZip.dll
- Loaded All Assemblies, in  0.854 seconds
Refreshing native plugins compatible for Editor in 6.27 ms, found 7 plugins.
Native extension for WindowsStandalone target not found
Native extension for Android target not found
Mono: successfully reloaded assembly
- Finished resetting the current domain, in  1.479 seconds
Domain Reload Profiling:
	ReloadAssembly (283ms)
		BeginReloadAssembly (159ms)
			ExecutionOrderSort (0ms)
			DisableScriptedObjects (7ms)
			BackupInstance (0ms)
			ReleaseScriptingObjects (0ms)
			CreateAndSetChildDomain (43ms)
		LoadAllAssembliesAndSetupDomain (570ms)
			LoadAssemblies (322ms)
			RebuildTransferFunctionScriptingTraits (0ms)
			SetupTypeCache (326ms)
				TypeCache.Initialize (320ms)
					TypeCache.ScanAssembly (314ms)
				ResolveRequiredComponents (5ms)
		FinalizeReload (0ms)
			ReleaseScriptCaches (0ms)
			RebuildScriptCaches (0ms)
			SetupLoadedEditorAssemblies (569ms)
				LogAssemblyErrors (0ms)
				InitializePlatformSupportModulesInManaged (32ms)
				SetLoadedEditorAssemblies (7ms)
				RefreshPlugins (0ms)
				BeforeProcessingInitializeOnLoad (106ms)
				ProcessInitializeOnLoadAttributes (363ms)
				ProcessInitializeOnLoadMethodAttributes (58ms)
				AfterProcessingInitializeOnLoad (4ms)
				EditorAssembliesLoaded (0ms)
			ExecutionOrderSort2 (0ms)
			AwakeInstancesAfterBackupRestoration (15ms)
Refreshing native plugins compatible for Editor in 10.19 ms, found 7 plugins.
Preloading 0 native plugins for Editor in 0.00 ms.
Unloading 4248 Unused Serialized files (Serialized files now loaded: 0)
Unloading 44 unused Assets / (1.3 MB). Loaded Objects now: 4799.
Memory consumption went from 0.64 GB to 0.64 GB.
Total: 8.665000 ms (FindLiveObjects: 1.606000 ms CreateObjectMapping: 0.733600 ms MarkObjects: 5.971600 ms  DeleteObjects: 0.352400 ms)

Prepare: number of updated asset objects reloaded= 0
AssetImportParameters requested are different than current active one (requested -> active):
  custom:container-demuxer-ogg: 62fdf1f143b41e24485cea50d1cbac27 -> 
  custom:video-decoder-ogg-theora: a1e56fd34408186e4bbccfd4996cb3dc -> 
  custom:framework-win-MediaFoundation: 216162199b28c13a410421893ffa2e32 -> 
  custom:container-demuxer-webm: 4f35f7cbe854078d1ac9338744f61a02 -> 
  custom:container-muxer-webm: aa71ff27fc2769a1b78a27578f13a17b -> 
  custom:video-decoder-webm-vp8: 9c59270c3fd7afecdb556c50c9e8de78 -> 
  custom:AudioImporter_EditorPlatform: d09bf68614088b80899f8185d706f6e7 -> 
  custom:video-encoder-webm-vp8: eb34c28f22e8b96e1ab97ce403110664 -> 
  custom:audio-decoder-ogg-vorbis: bf7c407c2cedff20999df2af8eb42d56 -> 
  custom:audio-encoder-webm-vorbis: bf7c407c2cedff20999df2af8eb42d56 -> 
========================================================================
Received Import Request.
  Time since last request: 705.690841 seconds.
  path: Assets/Iso Tileset/Test/Isometric_MedievalFantasy_Tiles (1)_1.asset
  artifactKey: Guid(9e3103f7b557ed345aeba09616838e95) Importer(815301076,1909f56bfc062723c751e8b465ee728b)
Start importing Assets/Iso Tileset/Test/Isometric_MedievalFantasy_Tiles (1)_1.asset using Guid(9e3103f7b557ed345aeba09616838e95) Importer(815301076,1909f56bfc062723c751e8b465ee728b)  -> (artifact id: 'bcbf51be0fae9602358ff72ea14b5b74') in 0.065433 seconds 
Number of updated asset objects reloaded before import = 0
Number of asset objects unloaded after import = 3
========================================================================
Received Import Request.
  Time since last request: 0.000110 seconds.
  path: Assets/Iso Tileset/Test/Isometric_MedievalFantasy_Tiles (1)_6.asset
  artifactKey: Guid(899e8daa3f2acdc478551b2e8318da6f) Importer(815301076,1909f56bfc062723c751e8b465ee728b)
Start importing Assets/Iso Tileset/Test/Isometric_MedievalFantasy_Tiles (1)_6.asset using Guid(899e8daa3f2acdc478551b2e8318da6f) Importer(815301076,1909f56bfc062723c751e8b465ee728b)  -> (artifact id: '0a79f337a00c46f6322c8b8751e46fda') in 0.027666 seconds 
Number of updated asset objects reloaded before import = 0
Number of asset objects unloaded after import = 3
========================================================================
Received Import Request.
  Time since last request: 0.000026 seconds.
  path: Assets/Iso Tileset/Test/Isometric_MedievalFantasy_Tiles (1)_16.asset
  artifactKey: Guid(c441bcee112d5b841bca8963741d72a6) Importer(815301076,1909f56bfc062723c751e8b465ee728b)
Start importing Assets/Iso Tileset/Test/Isometric_MedievalFantasy_Tiles (1)_16.asset using Guid(c441bcee112d5b841bca8963741d72a6) Importer(815301076,1909f56bfc062723c751e8b465ee728b)  -> (artifact id: '173ee51b11bc1a8e01c437b7591f7bc6') in 0.012252 seconds 
Number of updated asset objects reloaded before import = 0
Number of asset objects unloaded after import = 3
========================================================================
Received Import Request.
  Time since last request: 0.000013 seconds.
  path: Assets/Iso Tileset/Test/Isometric_MedievalFantasy_Tiles (1)_30.asset
  artifactKey: Guid(4d5ae7d13501f6c41b384296e07e4463) Importer(815301076,1909f56bfc062723c751e8b465ee728b)
Start importing Assets/Iso Tileset/Test/Isometric_MedievalFantasy_Tiles (1)_30.asset using Guid(4d5ae7d13501f6c41b384296e07e4463) Importer(815301076,1909f56bfc062723c751e8b465ee728b)  -> (artifact id: 'ec3e969e077971d4b56299c7cc7fee44') in 0.010292 seconds 
Number of updated asset objects reloaded before import = 0
Number of asset objects unloaded after import = 3
========================================================================
Received Import Request.
  Time since last request: 0.000013 seconds.
  path: Assets/Iso Tileset/Test/Isometric_MedievalFantasy_Tiles (1)_37.asset
  artifactKey: Guid(85ee87b41f872234aaac6e11f706f7d6) Importer(815301076,1909f56bfc062723c751e8b465ee728b)
Start importing Assets/Iso Tileset/Test/Isometric_MedievalFantasy_Tiles (1)_37.asset using Guid(85ee87b41f872234aaac6e11f706f7d6) Importer(815301076,1909f56bfc062723c751e8b465ee728b)  -> (artifact id: '3d3198e2e6d6c068e17fec7d2837d826') in 0.031594 seconds 
Number of updated asset objects reloaded before import = 0
Number of asset objects unloaded after import = 3
========================================================================
Received Import Request.
  Time since last request: 0.000021 seconds.
  path: Assets/Iso Tileset/Test/Isometric_MedievalFantasy_Tiles (1)_21.asset
  artifactKey: Guid(7f0a3e24fc1b456488bc10f30a0f1335) Importer(815301076,1909f56bfc062723c751e8b465ee728b)
Start importing Assets/Iso Tileset/Test/Isometric_MedievalFantasy_Tiles (1)_21.asset using Guid(7f0a3e24fc1b456488bc10f30a0f1335) Importer(815301076,1909f56bfc062723c751e8b465ee728b)  -> (artifact id: 'd3055bcfff2c9bc41f141d11fb46ba2d') in 0.044316 seconds 
Number of updated asset objects reloaded before import = 0
Number of asset objects unloaded after import = 3
========================================================================
Received Import Request.
  Time since last request: 0.000019 seconds.
  path: Assets/Iso Tileset/Test/Isometric_MedievalFantasy_Tiles (1)_46.asset
  artifactKey: Guid(d787e7f5468830d44911c2910a9d35a2) Importer(815301076,1909f56bfc062723c751e8b465ee728b)
Start importing Assets/Iso Tileset/Test/Isometric_MedievalFantasy_Tiles (1)_46.asset using Guid(d787e7f5468830d44911c2910a9d35a2) Importer(815301076,1909f56bfc062723c751e8b465ee728b)  -> (artifact id: '398d8ca2850eac614a844221339a0301') in 0.031721 seconds 
Number of updated asset objects reloaded before import = 0
Number of asset objects unloaded after import = 3
========================================================================
Received Import Request.
  Time since last request: 0.000020 seconds.
  path: Assets/Iso Tileset/Test/Isometric_MedievalFantasy_Tiles (1)_27.asset
  artifactKey: Guid(2ebc13c6969b1fc41aae2e8a8d000b1e) Importer(815301076,1909f56bfc062723c751e8b465ee728b)
Start importing Assets/Iso Tileset/Test/Isometric_MedievalFantasy_Tiles (1)_27.asset using Guid(2ebc13c6969b1fc41aae2e8a8d000b1e) Importer(815301076,1909f56bfc062723c751e8b465ee728b)  -> (artifact id: '0500d4733e6f49961c6fa5e067572a1c') in 0.026043 seconds 
Number of updated asset objects reloaded before import = 0
Number of asset objects unloaded after import = 3
========================================================================
Received Import Request.
  Time since last request: 0.000027 seconds.
  path: Assets/Iso Tileset/Test/Isometric_MedievalFantasy_Tiles (1)_32.asset
  artifactKey: Guid(3b2c812b662e98b45a5327241a9066e3) Importer(815301076,1909f56bfc062723c751e8b465ee728b)
Start importing Assets/Iso Tileset/Test/Isometric_MedievalFantasy_Tiles (1)_32.asset using Guid(3b2c812b662e98b45a5327241a9066e3) Importer(815301076,1909f56bfc062723c751e8b465ee728b)  -> (artifact id: '48acb0023fe40c6cabecda57a6be11e9') in 0.031236 seconds 
Number of updated asset objects reloaded before import = 0
Number of asset objects unloaded after import = 3
========================================================================
Received Import Request.
  Time since last request: 0.000021 seconds.
  path: Assets/Iso Tileset/Test/Isometric_MedievalFantasy_Tiles (1)_14.asset
  artifactKey: Guid(daa7c23a79ffafd4e86d6eb686cf9df4) Importer(815301076,1909f56bfc062723c751e8b465ee728b)
Start importing Assets/Iso Tileset/Test/Isometric_MedievalFantasy_Tiles (1)_14.asset using Guid(daa7c23a79ffafd4e86d6eb686cf9df4) Importer(815301076,1909f56bfc062723c751e8b465ee728b)  -> (artifact id: '1fe58719b001939d6352764bfdbe65f2') in 0.015852 seconds 
Number of updated asset objects reloaded before import = 0
Number of asset objects unloaded after import = 3
========================================================================
Received Import Request.
  Time since last request: 0.000018 seconds.
  path: Assets/Iso Tileset/Test/Isometric_MedievalFantasy_Tiles (1)_28.asset
  artifactKey: Guid(e8c26b1c4dab7954c80d389af7c5982c) Importer(815301076,1909f56bfc062723c751e8b465ee728b)
Start importing Assets/Iso Tileset/Test/Isometric_MedievalFantasy_Tiles (1)_28.asset using Guid(e8c26b1c4dab7954c80d389af7c5982c) Importer(815301076,1909f56bfc062723c751e8b465ee728b)  -> (artifact id: 'e76c6450c88595ce193c6a7dec619e44') in 0.029889 seconds 
Number of updated asset objects reloaded before import = 0
Number of asset objects unloaded after import = 3
========================================================================
Received Import Request.
  Time since last request: 0.000030 seconds.
  path: Assets/Iso Tileset/Test/Isometric_MedievalFantasy_Tiles (1)_26.asset
  artifactKey: Guid(3d6a90fdd825e0040a20f8ef73900fe7) Importer(815301076,1909f56bfc062723c751e8b465ee728b)
Start importing Assets/Iso Tileset/Test/Isometric_MedievalFantasy_Tiles (1)_26.asset using Guid(3d6a90fdd825e0040a20f8ef73900fe7) Importer(815301076,1909f56bfc062723c751e8b465ee728b)  -> (artifact id: '36928facd9eb9d5a4e85ebc0e9b5aeb6') in 0.039571 seconds 
Number of updated asset objects reloaded before import = 0
Number of asset objects unloaded after import = 3
========================================================================
Received Import Request.
  Time since last request: 0.000017 seconds.
  path: Assets/Iso Tileset/Test/Isometric_MedievalFantasy_Tiles (1)_5.asset
  artifactKey: Guid(8a3ab5af10a9d674894d59a52193d150) Importer(815301076,1909f56bfc062723c751e8b465ee728b)
Start importing Assets/Iso Tileset/Test/Isometric_MedievalFantasy_Tiles (1)_5.asset using Guid(8a3ab5af10a9d674894d59a52193d150) Importer(815301076,1909f56bfc062723c751e8b465ee728b)  -> (artifact id: '16ee4646c02d47744c26c78172c6e022') in 0.015074 seconds 
Number of updated asset objects reloaded before import = 0
Number of asset objects unloaded after import = 3
========================================================================
Received Import Request.
  Time since last request: 0.000023 seconds.
  path: Assets/Iso Tileset/Test/Isometric_MedievalFantasy_Tiles (1)_12.asset
  artifactKey: Guid(d91a10400179e004e91b5254203187b6) Importer(815301076,1909f56bfc062723c751e8b465ee728b)
Start importing Assets/Iso Tileset/Test/Isometric_MedievalFantasy_Tiles (1)_12.asset using Guid(d91a10400179e004e91b5254203187b6) Importer(815301076,1909f56bfc062723c751e8b465ee728b)  -> (artifact id: 'bcf3e8822e7148f3d13812c02dbdabb8') in 0.013070 seconds 
Number of updated asset objects reloaded before import = 0
Number of asset objects unloaded after import = 3
========================================================================
Received Import Request.
  Time since last request: 0.000039 seconds.
  path: Assets/Iso Tileset/Test/Isometric_MedievalFantasy_Tiles (1)_8.asset
  artifactKey: Guid(7ebc86673530f9643bf72fc034b28e49) Importer(815301076,1909f56bfc062723c751e8b465ee728b)
Start importing Assets/Iso Tileset/Test/Isometric_MedievalFantasy_Tiles (1)_8.asset using Guid(7ebc86673530f9643bf72fc034b28e49) Importer(815301076,1909f56bfc062723c751e8b465ee728b)  -> (artifact id: '4d043931c81bc8c4694dac5082882db0') in 0.017579 seconds 
Number of updated asset objects reloaded before import = 0
Number of asset objects unloaded after import = 3
========================================================================
Received Import Request.
  Time since last request: 0.000015 seconds.
  path: Assets/Iso Tileset/Test/Isometric_MedievalFantasy_Tiles (1)_34.asset
  artifactKey: Guid(d5bfa1a1940cc6046a7770453630dc8d) Importer(815301076,1909f56bfc062723c751e8b465ee728b)
Start importing Assets/Iso Tileset/Test/Isometric_MedievalFantasy_Tiles (1)_34.asset using Guid(d5bfa1a1940cc6046a7770453630dc8d) Importer(815301076,1909f56bfc062723c751e8b465ee728b)  -> (artifact id: '6fc497801b772b0baafff964eba88628') in 0.013502 seconds 
Number of updated asset objects reloaded before import = 0
Number of asset objects unloaded after import = 3
========================================================================
Received Import Request.
  Time since last request: 0.000022 seconds.
  path: Assets/Iso Tileset/Test/Isometric_MedievalFantasy_Tiles (1)_2.asset
  artifactKey: Guid(eb83325e152e17743a72340cff8f0f19) Importer(815301076,1909f56bfc062723c751e8b465ee728b)
Start importing Assets/Iso Tileset/Test/Isometric_MedievalFantasy_Tiles (1)_2.asset using Guid(eb83325e152e17743a72340cff8f0f19) Importer(815301076,1909f56bfc062723c751e8b465ee728b)  -> (artifact id: 'd395bc48113fb4847d1622a61b0bd3ac') in 0.022504 seconds 
Number of updated asset objects reloaded before import = 0
Number of asset objects unloaded after import = 3
========================================================================
Received Import Request.
  Time since last request: 0.000022 seconds.
  path: Assets/Iso Tileset/Test/Isometric_MedievalFantasy_Tiles (1)_22.asset
  artifactKey: Guid(32bfff424bb70ad48b3970e7bec10bb7) Importer(815301076,1909f56bfc062723c751e8b465ee728b)
Start importing Assets/Iso Tileset/Test/Isometric_MedievalFantasy_Tiles (1)_22.asset using Guid(32bfff424bb70ad48b3970e7bec10bb7) Importer(815301076,1909f56bfc062723c751e8b465ee728b)  -> (artifact id: '8742e762f8cf935ed5998405d48e99d4') in 0.037316 seconds 
Number of updated asset objects reloaded before import = 0
Number of asset objects unloaded after import = 3
========================================================================
Received Import Request.
  Time since last request: 0.000050 seconds.
  path: Assets/Iso Tileset/Test/Isometric_MedievalFantasy_Tiles (1)_38.asset
  artifactKey: Guid(7a37bc8355f06764db72386599c9fd7a) Importer(815301076,1909f56bfc062723c751e8b465ee728b)
Start importing Assets/Iso Tileset/Test/Isometric_MedievalFantasy_Tiles (1)_38.asset using Guid(7a37bc8355f06764db72386599c9fd7a) Importer(815301076,1909f56bfc062723c751e8b465ee728b)  -> (artifact id: '238a006b13e681599cb8e53d013da0c5') in 0.015189 seconds 
Number of updated asset objects reloaded before import = 0
Number of asset objects unloaded after import = 3
========================================================================
Received Import Request.
  Time since last request: 0.000025 seconds.
  path: Assets/Iso Tileset/Test/Isometric_MedievalFantasy_Tiles (1)_9.asset
  artifactKey: Guid(081f23014922a6a4ea2bbf6e296c33ef) Importer(815301076,1909f56bfc062723c751e8b465ee728b)
Start importing Assets/Iso Tileset/Test/Isometric_MedievalFantasy_Tiles (1)_9.asset using Guid(081f23014922a6a4ea2bbf6e296c33ef) Importer(815301076,1909f56bfc062723c751e8b465ee728b)  -> (artifact id: 'd3e5cc6a8e8b40493fa66b2ca2d05e5c') in 0.011883 seconds 
Number of updated asset objects reloaded before import = 0
Number of asset objects unloaded after import = 3
========================================================================
Received Import Request.
  Time since last request: 0.000022 seconds.
  path: Assets/Iso Tileset/Test/Isometric_MedievalFantasy_Tiles (1)_31.asset
  artifactKey: Guid(5f4e339bafd820243980a4191f9c5258) Importer(815301076,1909f56bfc062723c751e8b465ee728b)
Start importing Assets/Iso Tileset/Test/Isometric_MedievalFantasy_Tiles (1)_31.asset using Guid(5f4e339bafd820243980a4191f9c5258) Importer(815301076,1909f56bfc062723c751e8b465ee728b)  -> (artifact id: 'b3ac4af14f29a4c509ba4e9d69b4e786') in 0.013989 seconds 
Number of updated asset objects reloaded before import = 0
Number of asset objects unloaded after import = 3
========================================================================
Received Import Request.
  Time since last request: 0.000025 seconds.
  path: Assets/Iso Tileset/Test/Isometric_MedievalFantasy_Tiles (1)_25.asset
  artifactKey: Guid(ae300b5e694ccac459da16fae34fd2c5) Importer(815301076,1909f56bfc062723c751e8b465ee728b)
Start importing Assets/Iso Tileset/Test/Isometric_MedievalFantasy_Tiles (1)_25.asset using Guid(ae300b5e694ccac459da16fae34fd2c5) Importer(815301076,1909f56bfc062723c751e8b465ee728b)  -> (artifact id: '546e535084444b5385d38e7351b20add') in 0.033167 seconds 
Number of updated asset objects reloaded before import = 0
Number of asset objects unloaded after import = 3
========================================================================
Received Import Request.
  Time since last request: 0.000029 seconds.
  path: Assets/Iso Tileset/Test/Isometric_MedievalFantasy_Tiles (1)_13.asset
  artifactKey: Guid(2d63cf71767ed424ebbb839ff10cd774) Importer(815301076,1909f56bfc062723c751e8b465ee728b)
Start importing Assets/Iso Tileset/Test/Isometric_MedievalFantasy_Tiles (1)_13.asset using Guid(2d63cf71767ed424ebbb839ff10cd774) Importer(815301076,1909f56bfc062723c751e8b465ee728b)  -> (artifact id: 'dfd771aa310aea71693bb5adb654cfe1') in 0.032929 seconds 
Number of updated asset objects reloaded before import = 0
Number of asset objects unloaded after import = 3
========================================================================
Received Import Request.
  Time since last request: 0.000036 seconds.
  path: Assets/Iso Tileset/Test/Isometric_MedievalFantasy_Tiles (1)_35.asset
  artifactKey: Guid(fd25e2ad1ea75d7408942e9aa65566eb) Importer(815301076,1909f56bfc062723c751e8b465ee728b)
Start importing Assets/Iso Tileset/Test/Isometric_MedievalFantasy_Tiles (1)_35.asset using Guid(fd25e2ad1ea75d7408942e9aa65566eb) Importer(815301076,1909f56bfc062723c751e8b465ee728b)  -> (artifact id: 'd6f17aa75fd05223149130a6da80517c') in 0.013040 seconds 
Number of updated asset objects reloaded before import = 0
Number of asset objects unloaded after import = 3
Editor requested this worker to shutdown with reason: Scaling down because of idle timeout
TcpMessagingSession - receive error: operation aborted. errorcode: 995, details: The I/O operation has been aborted because of either a thread exit or an application request.
AssetImportWorker is now disconnected from the server
Process exiting
Exiting without the bug reporter. Application will terminate with return code 0